<?xml version="1.0" encoding="UTF-8"?>
<robot generator="Robot 6.1.1 (Python 3.10.12 on win32)" generated="20231013 12:27:15.687" rpa="true" schemaversion="4">
<suite id="s1" name="Tasks" source="c:\Users\JyriLinna-Alho\Desktop\Robocorp\FW-Cert2\tasks.robot">
<test id="s1-t1" name="Order robots from RobotSpareBin Industries Inc" line="15">
<kw name="Open the robot order website">
<kw name="Open Available Browser" library="RPA.Browser.Selenium">
<arg>https://robotsparebinindustries.com/#/robot-order</arg>
<doc>Attempts to open a browser on the user's device from a set of
supported browsers. Automatically downloads a corresponding webdriver
if none is already installed.</doc>
<msg timestamp="20231013 12:27:37.116" level="INFO">====== WebDriver manager ======</msg>
<msg timestamp="20231013 12:27:43.209" level="INFO">Downloaded webdriver to: C:\Users\JyriLinna-Alho\AppData\Local\robocorp\webdrivers\.wdm\drivers\chromedriver\win64\118.0.5993.70\chromedriver-win32/chromedriver.exe</msg>
<msg timestamp="20231013 12:27:43.439" level="INFO">Webdriver version taken into use: ChromeDriver 118.0.5993.70 (e52f33f30b91b4ddfad649acddc39ab570473b86-refs/branch-heads/5993@{#1216})
</msg>
<msg timestamp="20231013 12:27:49.599" level="INFO">Targeted browser version: 118.0.5993.70</msg>
<msg timestamp="20231013 12:27:49.600" level="INFO">Creating an instance of the Chrome WebDriver.</msg>
<msg timestamp="20231013 12:27:53.119" level="INFO">Created Chrome browser with arguments: --disable-dev-shm-usage --disable-web-security --allow-running-insecure-content --no-sandbox</msg>
<msg timestamp="20231013 12:27:53.120" level="INFO" html="true">&lt;p&gt;Attempted combinations:&lt;/p&gt;&lt;div class="doc"&gt;&lt;table&gt;&lt;tr&gt;&lt;th&gt;Browser&lt;/th&gt;&lt;th&gt;Download&lt;/th&gt;&lt;th&gt;Error&lt;/th&gt;&lt;/tr&gt;&lt;tr&gt;&lt;td&gt;Chrome&lt;/td&gt;&lt;td&gt;False&lt;/td&gt;&lt;td&gt;Message: Webdriver executable 'chromedriver' is not in PATH (with disabled Selenium Manager)
&lt;/td&gt;&lt;/tr&gt;&lt;tr&gt;&lt;td&gt;Chrome&lt;/td&gt;&lt;td&gt;True&lt;/td&gt;&lt;td&gt;&lt;/td&gt;&lt;/tr&gt;&lt;/table&gt;&lt;/div&gt;</msg>
<msg timestamp="20231013 12:27:53.121" level="INFO">Opening url 'https://robotsparebinindustries.com/#/robot-order'</msg>
<status status="PASS" starttime="20231013 12:27:34.164" endtime="20231013 12:27:54.489"/>
</kw>
<status status="PASS" starttime="20231013 12:27:34.131" endtime="20231013 12:27:54.491"/>
</kw>
<kw name="Download orders file">
<kw name="Download" library="RPA.HTTP">
<arg>https://robotsparebinindustries.com/orders.csv</arg>
<arg>overwrite=True</arg>
<doc>An alias for the ``HTTP Get`` keyword.</doc>
<msg timestamp="20231013 12:27:54.507" level="INFO">Creating a new HTTP session</msg>
<msg timestamp="20231013 12:27:54.509" level="INFO">Creating Session using : alias=rpasession_alias.httpsrobotsparebinindustries.com, url=https://robotsparebinindustries.com, headers={},                     cookies={}, auth=None, timeout=None, proxies=None, verify=True,                     debug=0 </msg>
<status status="PASS" starttime="20231013 12:27:54.500" endtime="20231013 12:27:57.094"/>
</kw>
<status status="PASS" starttime="20231013 12:27:54.495" endtime="20231013 12:27:57.097"/>
</kw>
<kw name="Get orders">
<var>${orders}</var>
<kw name="Read table from CSV" library="RPA.Tables">
<var>${orders}</var>
<arg>orders.csv</arg>
<doc>Read a CSV file as a table.</doc>
<msg timestamp="20231013 12:27:57.129" level="INFO">${orders} = Table(columns=['Order number', 'Head', 'Body', 'Legs', 'Address'], rows=20)</msg>
<status status="PASS" starttime="20231013 12:27:57.108" endtime="20231013 12:27:57.130"/>
</kw>
<return>
<value>${orders}</value>
<status status="PASS" starttime="20231013 12:27:57.132" endtime="20231013 12:27:57.134"/>
</return>
<msg timestamp="20231013 12:27:57.137" level="INFO">${orders} = Table(columns=['Order number', 'Head', 'Body', 'Legs', 'Address'], rows=20)</msg>
<status status="PASS" starttime="20231013 12:27:57.104" endtime="20231013 12:27:57.138"/>
</kw>
<for flavor="IN">
<var>${order}</var>
<value>@{orders}</value>
<iter>
<var name="${order}">{'Order number': '1', 'Head': '1', 'Body': '2', 'Legs': '3', 'Address': 'Address 123'}</var>
<kw name="Close the annoying modal">
<kw name="Click Button" library="RPA.Browser.Selenium">
<arg>Yep</arg>
<doc>Clicks the button identified by ``locator``.</doc>
<msg timestamp="20231013 12:27:57.180" level="INFO">Clicking button 'Yep'.</msg>
<status status="PASS" starttime="20231013 12:27:57.174" endtime="20231013 12:27:57.364"/>
</kw>
<status status="PASS" starttime="20231013 12:27:57.162" endtime="20231013 12:27:57.366"/>
</kw>
<kw name="Select From List By Value" library="RPA.Browser.Selenium">
<arg>head</arg>
<arg>${order}[Head]</arg>
<doc>Selects options from selection list ``locator`` by ``values``.</doc>
<msg timestamp="20231013 12:27:57.374" level="INFO">Selecting options from selection list 'head' by value 1.</msg>
<status status="PASS" starttime="20231013 12:27:57.368" endtime="20231013 12:27:57.624"/>
</kw>
<kw name="Click Button" library="RPA.Browser.Selenium">
<arg>id-body-${order}[Body]</arg>
<doc>Clicks the button identified by ``locator``.</doc>
<msg timestamp="20231013 12:27:57.632" level="INFO">Clicking button 'id-body-2'.</msg>
<status status="PASS" starttime="20231013 12:27:57.626" endtime="20231013 12:27:57.849"/>
</kw>
<kw name="Input Text" library="RPA.Browser.Selenium">
<arg>//input[@placeholder="Enter the part number for the legs"]</arg>
<arg>${order}[Legs]</arg>
<doc>Types the given ``text`` into the text field identified by ``locator``.</doc>
<msg timestamp="20231013 12:27:57.856" level="INFO">Typing text '3' into text field '//input[@placeholder="Enter the part number for the legs"]'.</msg>
<status status="PASS" starttime="20231013 12:27:57.850" endtime="20231013 12:27:58.196"/>
</kw>
<kw name="Input Text" library="RPA.Browser.Selenium">
<arg>//input[@placeholder="Shipping address"]</arg>
<arg>${order}[Address]</arg>
<doc>Types the given ``text`` into the text field identified by ``locator``.</doc>
<msg timestamp="20231013 12:27:58.204" level="INFO">Typing text 'Address 123' into text field '//input[@placeholder="Shipping address"]'.</msg>
<status status="PASS" starttime="20231013 12:27:58.199" endtime="20231013 12:27:58.554"/>
</kw>
<while condition="True">
<iter>
<kw name="Click Button" library="RPA.Browser.Selenium">
<arg>order</arg>
<doc>Clicks the button identified by ``locator``.</doc>
<msg timestamp="20231013 12:27:58.565" level="INFO">Clicking button 'order'.</msg>
<status status="PASS" starttime="20231013 12:27:58.561" endtime="20231013 12:27:58.791"/>
</kw>
<kw name="Is Element Visible" library="RPA.Browser.Selenium">
<var>${error}</var>
<arg>//div[@class="alert alert-danger"]</arg>
<doc>Is element visible</doc>
<msg timestamp="20231013 12:27:59.061" level="INFO">Element '//div[@class="alert alert-danger"]' is displayed.</msg>
<msg timestamp="20231013 12:27:59.063" level="INFO">${error} = True</msg>
<status status="PASS" starttime="20231013 12:27:58.793" endtime="20231013 12:27:59.064"/>
</kw>
<if>
<branch type="IF" condition="$error == $False">
<break>
<status status="NOT RUN" starttime="20231013 12:27:59.111" endtime="20231013 12:27:59.112"/>
</break>
<status status="NOT RUN" starttime="20231013 12:27:59.065" endtime="20231013 12:27:59.113"/>
</branch>
<status status="PASS" starttime="20231013 12:27:59.065" endtime="20231013 12:27:59.114"/>
</if>
<status status="PASS" starttime="20231013 12:27:58.556" endtime="20231013 12:27:59.115"/>
</iter>
<iter>
<kw name="Click Button" library="RPA.Browser.Selenium">
<arg>order</arg>
<doc>Clicks the button identified by ``locator``.</doc>
<msg timestamp="20231013 12:27:59.123" level="INFO">Clicking button 'order'.</msg>
<status status="PASS" starttime="20231013 12:27:59.119" endtime="20231013 12:27:59.244"/>
</kw>
<kw name="Is Element Visible" library="RPA.Browser.Selenium">
<var>${error}</var>
<arg>//div[@class="alert alert-danger"]</arg>
<doc>Is element v<msg timestamp="20231013 12:27:59.193" level="INFO">${return} = RSB-ROBO-ORDER-OQCL9MBF4</msg>
<status status="PASS" starttime="20231013 12:27:59.075" endtime="20231013 12:27:59.194"/>
</kw>
<return>
<value>${return}</value>
<status status="PASS" starttime="20231013 12:27:59.195" endtime="20231013 12:27:59.197"/>
</return>
<msg timestamp="20231013 12:27:59.200" level="INFO">${receiptNum} = RSB-ROBO-ORDER-OQCL9MBF4</msg>
<status status="PASS" starttime="20231013 12:27:59.072" endtime="20231013 12:27:59.201"/>
</kw>
<kw name="Store the receipt as a PDF file">
<var>${pdf}</var>
<arg>${receiptNum}</arg>
<kw name="Get Element Attribute" library="RPA.Browser.Selenium">
<var>${order_results_html}</var>
<arg>receipt</arg>
<arg>outerHTML</arg>
<doc>Returns the value of ``attribute`` from the element ``locator``.</doc>
<msg timestamp="20231013 12:27:59.295" level="INFO">${order_results_html} = &lt;div id="receipt" class="alert alert-success" role="alert"&gt;&lt;h3&gt;Receipt&lt;/h3&gt;&lt;div&gt;2023-10-13T09:27:58.724Z&lt;/div&gt;&lt;p class="badge badge-success"&gt;RSB-ROBO-ORDER-OQCL9MBF4&lt;/p&gt;&lt;p&gt;Address 123&lt;/p&gt;&lt;div id="part...</msg>
<status status="PASS" starttime="20231013 12:27:59.206" endtime="20231013 12:27:59.297"/>
</kw>
<kw name="Html To Pdf" library="RPA.PDF">
<arg>${order_results_html}</arg>
<arg>output/tempPDF/${order number}.pdf</arg>
<doc>Generate a PDF file from HTML content.</doc>
<msg timestamp="20231013 12:27:59.307" level="INFO">Writing output to file C:\Users\JyriLinna-Alho\Desktop\Robocorp\FW-Cert2\output\tempPDF\RSB-ROBO-ORDER-OQCL9MBF4.pdf</msg>
<msg timestamp="20231013 12:28:01.639" level="INFO">maxp pruned</msg>
<msg timestamp="20231013 12:28:01.651" level="INFO">cmap pruned</msg>
<msg timestamp="20231013 12:28:01.710" level="INFO">post pruned</msg>
<msg timestamp="20231013 12:28:01.742" level="INFO">GDEF dropped</msg>
<msg timestamp="20231013 12:28:01.746" level="INFO">GPOS dropped</msg>
<msg timestamp="20231013 12:28:01.750" level="INFO">GSUB dropped</msg>
<msg timestamp="20231013 12:28:01.832" level="INFO">glyf pruned</msg>
<msg timestamp="20231013 12:28:01.834" level="INFO">Added gid0 to subset</msg>
<msg timestamp="20231013 12:28:01.835" level="INFO">Added first four glyphs to subset</msg>
<msg timestamp="20231013 12:28:01.839" level="INFO">Closing glyph list over 'glyf': 59 glyphs before</msg>
<msg timestamp="20231013 12:28:01.846" level="INFO">Glyph names: ['.notdef', '.null', 'uni0020', 'uni0021', 'uni002D', 'uni002E', 'uni0030', 'uni0031', 'uni0032', 'uni0033', 'uni0034', 'uni0035', 'uni0036', 'uni0037', 'uni0038', 'uni0039', 'uni003A', 'uni0041', 'uni0042', 'uni0043', 'uni0044', 'uni0045', 'uni0046', 'uni0048', 'uni004C', 'uni004D', 'uni004F', 'uni0051', 'uni0052', 'uni0053', 'uni0054', 'uni0057', 'uni0059', 'uni005A', 'uni0061', 'uni0062', 'uni0063', 'uni0064', 'uni0065', 'uni0066', 'uni0067', 'uni0068', 'uni0069', 'uni006B', 'uni006C', 'uni006D', 'uni006E', 'uni006F', 'uni0070', 'uni0072', 'uni0073', 'uni0074', 'uni0075', 'uni0076', 'uni0077', 'uni0079', 'uni007B', 'uni007D', 'uni00C4']</msg>
<msg timestamp="20231013 12:28:01.850" level="INFO">Glyph IDs:   [0, 1, 2, 3, 65, 73, 84, 95, 137, 161, 280, 291, 320, 381, 382, 395, 409, 456, 469, 493, 504, 575, 582, 594, 612, 645, 650, 660, 679, 715, 723, 752, 759, 775, 827, 837, 867, 884, 899, 932, 936, 950, 1294, 1295, 1296, 1298, 1299, 1300, 1302, 1303, 1304, 1305, 1329, 1345, 1346, 1361, 1404, 1407, 1681]</msg>
<msg timestamp="20231013 12:28:01.852" level="INFO">Closed glyph list over 'glyf': 59 glyphs after</msg>
<msg timestamp="20231013 12:28:01.853" level="INFO">Glyph names: ['.notdef', '.null', 'uni0020', 'uni0021', 'uni002D', 'uni002E', 'uni0030', 'uni0031', 'uni0032', 'uni0033', 'uni0034', 'uni0035', 'uni0036', 'uni0037', 'uni0038', 'uni0039', 'uni003A', 'uni0041', 'uni0042', 'uni0043', 'uni0044', 'uni0045', 'uni0046', 'uni0048', 'uni004C', 'uni004D', 'uni004F', 'uni0051', 'uni0052', 'uni0053', 'uni0054', 'uni0057', 'uni0059', 'uni005A', 'uni0061', 'uni0062', 'uni0063', 'uni0064', 'uni0065', 'uni0066', 'uni0067', 'uni0068', 'uni0069', 'uni006B', 'uni006C', 'uni006D', 'uni006E', 'uni006F', 'uni0070', 'uni0072', 'uni0073', 'uni0074', 'uni0075', 'uni0076', 'uni0077', 'uni0079', 'uni007B', 'uni007D', 'uni00C4']</msg>
<msg timestamp="20231013 12:28:01.857" level="INFO">Glyph IDs:   [0, 1, 2, 3, 65, 73, 84, 95, 137, 161, 280, 291, 320, 381, 382, 395, 409, 456, 469, 493, 504, 575, 582, 594, 612, 645, 650, 660, 679, 715, 723, 752, 759, 775, 827, 837, 867, 884, 899, 932, 936, 950, 1294, 1295, 1296, 1298, 1299, 1300, 1302, 1303, 1304, 1305, 1329, 1345, 1346, 1361, 1404, 1407, 1681]</msg>
<msg timestamp="20231013 12:28:01.863" level="INFO">Retaining 59 glyphs</msg>
<msg timestamp="20231013 12:28:01.870" level="INFO">head subsetting not needed</msg>
<msg timestamp="20231013 12:28:01.872" level="INFO">hhea subsetting not needed</msg>
<msg timestamp="20231013 12:28:01.873" level="INFO">maxp subsetting not needed</msg>
<msg timestamp="20231013 12:28:01.874" level="INFO">OS/2 subsetting not needed</msg>
<msg timestamp="20231013 12:28:01.880" level="INFO">hmtx subsetted</msg>
<msg timestamp="20231013 12:28:01.894" level="INFO">cmap subsetted</msg>
<msg timestamp="20231013 12:28:01.895" level="INFO">prep subsetting not needed</msg>
<msg timestamp="20231013 12:28:01.897" level="INFO">loca subsetting not needed</msg>
<msg timestamp="20231013 12:28:01.899" level="INFO">post subsetted</msg>
<msg timestamp="20231013 12:28:01.900" level="INFO">gasp subsetting not needed</msg>
<msg timestamp="20231013 12:28:01.901" level="INFO">STAT subsetting not needed</msg>
<msg timestamp="20231013 12:28:01.902" level="INFO">name subsetting not needed</msg>
<msg timestamp="20231013 12:28:01.908" level="INFO">glyf subsetted</msg>
<msg timestamp="20231013 12:28:01.914" level="INFO">head pruned</msg>
<msg timestamp="20231013 12:28:01.919" level="INFO">OS/2 Unicode ranges pruned: [0]</msg>
<msg timestamp="20231013 12:28:01.928" level="INFO">glyf pruned</msg>
<msg timestamp="20231013 12:28:01.952" level="INFO">name pruned</msg>
<msg timestamp="20231013 12:28:02.183" level="INFO">maxp pruned</msg>
<msg timestamp="20231013 12:28:02.193" level="INFO">cmap pruned</msg>
<msg timestamp="20231013 12:28:02.195" level="INFO">post pruned</msg>
<msg timestamp="20231013 12:28:02.196" level="INFO">GDEF dropped</msg>
<msg timestamp="20231013 12:28:02.198" level="INFO">GPOS dropped</msg>
<msg timestamp="20231013 12:28:02.200" level="INFO">GSUB dropped</msg>
<msg timestamp="20231013 12:28:02.236" level="INFO">glyf pruned</msg>
<msg timestamp="20231013 12:28:02.239" level="INFO">Added gid0 to subset</msg>
<msg timestamp="20231013 12:28:02.240" level="INFO">Added first four glyphs to subset</msg>
<msg timestamp="20231013 12:28:02.241" level="INFO">Closing glyph list over 'glyf': 19 glyphs before</msg>
<msg timestamp="20231013 12:28:02.242" level="INFO">Glyph names: ['.notdef', '.null', 'uni0020', 'uni0030', 'uni0031', 'uni0032', 'uni0033', 'uni0034', 'uni0035', 'uni0036', 'uni0037', 'uni0038', 'uni0039', 'uni0041', 'uni0062', 'uni006E', 'uni007B', 'uni007D', 'uni00C4']</msg>
<msg timestamp="20231013 12:28:02.246" level="INFO">Glyph IDs:   [0, 1, 2, 3, 575, 759, 1294, 1295, 1296, 1298, 1299, 1300, 1302, 1303, 1304, 1305, 1345, 1346, 1681]</msg>
<msg timestamp="20231013 12:28:02.249" level="INFO">Closed glyph list over 'glyf': 19 glyphs after</msg>
<msg timestamp="20231013 12:28:02.250" level="INFO">Glyph names: ['.notdef', '.null', 'uni0020', 'uni0030', 'uni0031', 'uni0032', 'uni0033', 'uni0034', 'uni0035', 'uni0036', 'uni0037', 'uni0038', 'uni0039', 'uni0041', 'uni0062', 'uni006E', 'uni007B', 'uni007D', 'uni00C4']</msg>
<msg timestamp="20231013 12:28:02.254" level="INFO">Glyph IDs:   [0, 1, 2, 3, 575, 759, 1294, 1295, 1296, 1298, 1299, 1300, 1302, 1303, 1304, 1305, 1345, 1346, 1681]</msg>
<msg timestamp="20231013 12:28:02.256" level="INFO">Retaining 19 glyphs</msg>
<msg timestamp="20231013 12:28:02.260" level="INFO">head subsetting not needed</msg>
<msg timestamp="20231013 12:28:02.261" level="INFO">hhea subseGlyph names: ['.notdef', '.null', 'uni0020', 'uni0030', 'uni0031', 'uni0032', 'uni0033', 'uni0034', 'uni0035', 'uni0036', 'uni0037', 'uni0038', 'uni0039', 'uni0041', 'uni0062', 'uni006E', 'uni007B', 'uni007D', 'uni00C4']</msg>
<msg timestamp="20231013 12:28:02.654" level="INFO">Glyph IDs:   [0, 1, 2, 3, 575, 759, 1294, 1295, 1296, 1298, 1299, 1300, 1302, 1303, 1304, 1305, 1345, 1346, 1681]</msg>
<msg timestamp="20231013 12:28:02.655" level="INFO">Closed glyph list over 'glyf': 19 glyphs after</msg>
<msg timestamp="20231013 12:28:02.656" level="INFO">Glyph names: ['.notdef', '.null', 'uni0020', 'uni0030', 'uni0031', 'uni0032', 'uni0033', 'uni0034', 'uni0035', 'uni0036', 'uni0037', 'uni0038', 'uni0039', 'uni0041', 'uni0062', 'uni006E', 'uni007B', 'uni007D', 'uni00C4']</msg>
<msg timestamp="20231013 12:28:02.660" level="INFO">Glyph IDs:   [0, 1, 2, 3, 575, 759, 1294, 1295, 1296, 1298, 1299, 1300, 1302, 1303, 1304, 1305, 1345, 1346, 1681]</msg>
<msg timestamp="20231013 12:28:02.661" level="INFO">Retaining 19 glyphs</msg>
<msg timestamp="20231013 12:28:02.666" level="INFO">head subsetting not needed</msg>
<msg timestamp="20231013 12:28:02.673" level="INFO">hhea subsetting not needed</msg>
<msg timestamp="20231013 12:28:02.680" level="INFO">maxp subsetting not needed</msg>
<msg timestamp="20231013 12:28:02.681" level="INFO">OS/2 subsetting not needed</msg>
<msg timestamp="20231013 12:28:02.682" level="INFO">hmtx subsetted</msg>
<msg timestamp="20231013 12:28:02.689" level="INFO">cmap subsetted</msg>
<msg timestamp="20231013 12:28:02.690" level="INFO">prep subsetting not needed</msg>
<msg timestamp="20231013 12:28:02.691" level="INFO">loca subsetting not needed</msg>
<msg timestamp="20231013 12:28:02.693" level="INFO">post subsetted</msg>
<msg timestamp="20231013 12:28:02.694" level="INFO">gasp subsetting not needed</msg>
<msg timestamp="20231013 12:28:02.696" level="INFO">STAT subsetting not needed</msg>
<msg timestamp="20231013 12:28:02.697" level="INFO">name subsetting not needed</msg>
<msg timestamp="20231013 12:28:02.701" level="INFO">glyf subsetted</msg>
<msg timestamp="20231013 12:28:02.704" level="INFO">head pruned</msg>
<msg timestamp="20231013 12:28:02.708" level="INFO">OS/2 Unicode ranges pruned: [0]</msg>
<msg timestamp="20231013 12:28:02.713" level="INFO">glyf pruned</msg>
<msg timestamp="20231013 12:28:02.722" level="INFO">name pruned</msg>
<msg timestamp="20231013 12:28:02.830" level="INFO">maxp pruned</msg>
<msg timestamp="20231013 12:28:02.832" level="INFO">cmap pruned</msg>
<msg timestamp="20231013 12:28:02.833" level="INFO">post pruned</msg>
<msg timestamp="20231013 12:28:02.834" level="INFO">GDEF dropped</msg>
<msg timestamp="20231013 12:28:02.835" level="INFO">GPOS dropped</msg>
<msg timestamp="20231013 12:28:02.837" level="INFO">GSUB dropped</msg>
<msg timestamp="20231013 12:28:02.904" level="INFO">glyf pruned</msg>
<msg timestamp="20231013 12:28:02.922" level="INFO">Added gid0 to subset</msg>
<msg timestamp="20231013 12:28:02.923" level="INFO">Added first four glyphs to subset</msg>
<msg timestamp="20231013 12:28:02.924" level="INFO">Closing glyph list over 'glyf': 18 glyphs before</msg>
<msg timestamp="20231013 12:28:02.926" level="INFO">Glyph names: ['.notdef', '.null', 'uni0020', 'uni0030', 'uni0031', 'uni0032', 'uni0033', 'uni0034', 'uni0035', 'uni0036', 'uni0037', 'uni0038', 'uni0039', 'uni0062', 'uni006E', 'uni007B', 'uni007D', 'uni00A0']</msg>
<msg timestamp="20231013 12:28:02.936" level="INFO">Glyph IDs:   [0, 1, 2, 3, 544, 727, 1256, 1257, 1258, 1260, 1261, 1262, 1264, 1265, 1266, 1267, 1307, 1308]</msg>
<msg timestamp="20231013 12:28:02.939" level="INFO">Closed glyph list over 'glyf': 18 glyphs after</msg>
<msg timestamp="20231013 12:28:02.940" level="INFO">Glyph names: ['.notdef', '.null', 'uni0020', 'uni0030', 'uni0031', 'uni0032', 'uni0033', 'uni0034', 'uni0035', 'uni0036', 'uni0037', 'uni0038', 'uni0039', 'uni0062', 'uni006E', 'uni007B', 'uni007D', 'uni00A0']</msg>
<msg timestamp="20231013 12:28:02.942" level="INFO">Glyph IDs:   [0, 1, 2, 3, 544, 727, 1256, 1257, 1258, 1260, 1261, 1262, 1264, 1265, 1266, 1267, 1307, 1308]</msg>
<msg timestamp="20231013 12:28:02.944" level="INFO">Retaining 18 glyphs</msg>
<msg timestamp="20231013 12:28:02.946" level="INFO">head subsetting not needed</msg>
<msg timestamp="20231013 12:28:02.948" level="INFO">hhea subsetting not needed</msg>
<msg timestamp="20231013 12:28:02.951" level="INFO">maxp subsetting not needed</msg>
<msg timestamp="20231013 12:28:02.952" level="INFO">OS/2 subsetting not needed</msg>
<msg timestamp="20231013 12:28:02.953" level="INFO">hmtx subsetted</msg>
<msg timestamp="20231013 12:28:02.959" level="INFO">cmap subsetted</msg>
<msg timestamp="20231013 12:28:02.960" level="INFO">loca subsetting not needed</msg>
<msg timestamp="20231013 12:28:02.962" level="INFO">post subsetted</msg>
<msg timestamp="20231013 12:28:02.963" level="INFO">name subsetting not needed</msg>
<msg timestamp="20231013 12:28:02.970" level="INFO">glyf subsetted</msg>
<msg timestamp="20231013 12:28:02.972" level="INFO">head pruned</msg>
<msg timestamp="20231013 12:28:02.974" level="INFO">OS/2 Unicode ranges pruned: [0]</msg>
<msg timestamp="20231013 12:28:02.978" level="INFO">glyf pruned</msg>
<msg timestamp="20231013 12:28:02.983" level="INFO">name pruned</msg>
<msg timestamp="20231013 12:28:03.044" level="INFO">maxp pruned</msg>
<msg timestamp="20231013 12:28:03.046" level="INFO">cmap pruned</msg>
<msg timestamp="20231013 12:28:03.064" level="INFO">post pruned</msg>
<msg timestamp="20231013 12:28:03.065" level="INFO">GDEF dropped</msg>
<msg timestamp="20231013 12:28:03.066" level="INFO">GPOS dropped</msg>
<msg timestamp="20231013 12:28:03.067" level="INFO">GSUB dropped</msg>
<msg timestamp="20231013 12:28:03.096" level="INFO">glyf pruned</msg>
<msg timestamp="20231013 12:28:03.123" level="INFO">Added gid0 to subset</msg>
<msg timestamp="20231013 12:28:03.124" level="INFO">Added first four glyphs to subset</msg>
<msg timestamp="20231013 12:28:03.125" level="INFO">Closing glyph list over 'glyf': 18 glyphs before</msg>
<msg timestamp="20231013 12:28:03.126" level="INFO">Glyph names: ['.notdef', '.null', 'uni0020', 'uni0030', 'uni0031', 'uni0032', 'uni0033', 'uni0034', 'uni0035', 'uni0036', 'uni0037', 'uni0038', 'uni0039', 'uni0062', 'uni006E', 'uni007B', 'uni007D', 'uni00A0']</msg>
<msg timestamp="20231013 12:28:03.130" level="INFO">Glyph IDs:   [0, 1, 2, 3, 544, 727, 1256, 1257, 1258, 1260, 1261, 1262, 1264, 1265, 1266, 1267, 1307, 1308]</msg>
<msg timestamp="20231013 12:28:03.131" level="INFO">Closed glyph list over 'glyf': 18 glyphs after</msg>
<msg timestamp="20231013 12:28:03.132" level="INFO">Glyph names: ['.notdef', '.null', 'uni0020', 'uni0030', 'uni0031', 'uni0032', 'uni0033', 'uni0034', 'uni0035', 'uni0036', 'uni0037', 'uni0038', 'uni0039', 'uni0062', 'uni006E', 'uni007B', 'uni007D', 'uni00A0']</msg>
<msg timestamp="20231013 12:28:03.134" level="INFO">Glyph IDs:   [0, 1, 2, 3, 544, 727, 1256, 1257, 1258, 1260, 1261, 1262, 1264, 1265, 1266, 1267, 1307, 1308]</msg>
<msg timestamp="20231013 12:28:03.136" level="INFO">Retaining 18 glyphs</msg>
<msg timestamp="20231013 12:28:03.140" level="INFO">head subsetting not needed</msg>
<msg timestamp="20231013 12:28:03.145" level="INFO">hhea subsetting not needed</msg>
<msg timestamp="20231013 12:28:03.147" level="INFO">maxp subsetting not needed</msg>
<msg timestamp="20231013 12:28:03.149" level="INFO">OS/2 subsetting not needed</msg>
<msg timestamp="20231013 12:28:03.151" level="INFO">hmtx subsetted</msg>
<msg timestamp="20231013 12:28:03.156" level="INFO">cmap subsetted</msg>
<msg timestamp="20231013 12:28:03.159" level="INFO">loca subsetting not needed</msg>
<msg timestamp="20231013 12:28:03.161" level="INFO">post subsetted</msg>
<msg timestamp="20231013 12:28:03.162" level="INFO">name subsetting not needed</msg>
<msg timestamp="20231013 12:28:03.166" level="INFO">glyf subsetted</msg>
<msg timestamp="20231013 12:28:03.169" level="INFO">head pruned</msg>
<msg timestamp="20231013 12:28:03.171" level="INFO">OS/2 Unicode ranges pruned: [0]</msgCli<msg timestamp="20231013 12:28:03.177" level="INFO">glyf pruned</msg>
<msg timestamp="20231013 12:28:03.187" level="INFO">name pruned</msg>
<status status="PASS" starttime="20231013 12:27:59.456" endtime="20231013 12:28:03.422"/>
</kw>
<msg timestamp="20231013 12:28:03.424" level="INFO">${pdf} = None</msg>
<status status="PASS" starttime="20231013 12:27:59.363" endtime="20231013 12:28:03.425"/>
</kw>
<kw name="Click Button" library="RPA.Browser.Selenium">
<arg>order-another</arg>
<doc>Clicks the button identified by ``locator``.</doc>
<msg timestamp="20231013 12:28:03.432" level="INFO">Clicking button 'order-another'.</msg>
<status status="PASS" starttime="20231013 12:28:03.428" endtime="20231013 12:28:03.770"/>
</kw>
<status status="PASS" starttime="20231013 12:27:57.159" endtime="20231013 12:28:03.771"/>
</iter>
<iter>
<var name="${order}">{'Order number': '2', 'Head': '4', 'Body': '1', 'Legs': '5', 'Address': 'Address 456'}</var>
<kw name="Close the annoying modal">
<kw name="Click Button" library="RPA.Browser.Selenium">
<arg>Yep</arg>
<doc>Clicks the button identified by ``locator``.</doc>
<msg timestamp="20231013 12:28:03.781" level="INFO">Clicking button 'Yep'.</msg>
<status status="PASS" starttime="20231013 12:28:03.777" endtime="20231013 12:28:03.909"/>
</kw>
<status status="PASS" starttime="20231013 12:28:03.774" endtime="20231013 12:28:03.911"/>
</kw>
<kw name="Select From List By Value" library="RPA.Browser.Selenium">
<arg>head</arg>
<arg>${order}[Head]</arg>
<doc>Selects options from selection list ``locator`` by ``values``.</doc>
<msg timestamp="20231013 12:28:03.917" level="INFO">Selecting options from selection list 'head' by value 4.</msg>
<status status="PASS" starttime="20231013 12:28:03.912" endtime="20231013 12:28:04.098"/>
</kw>
<kw name="Click Button" library="RPA.Browser.Selenium">
<arg>id-body-${order}[Body]</arg>
<doc>Clicks the button identified by ``locator``.</doc>
<msg timestamp="20231013 12:28:04.106" level="INFO">Clicking button 'id-body-1'.</msg>
<status status="PASS" starttime="20231013 12:28:04.100" endtime="20231013 12:28:04.235"/>
</kw>
<kw name="Input Text" library="RPA.Browser.Selenium">
<arg>//input[@placeholder="Enter the part number for the legs"]</arg>
<arg>${order}[Legs]</arg>
<doc>Types the given ``text`` into the text field identified by ``locator``.</doc>
<msg timestamp="20231013 12:28:04.244" level="INFO">Typing text '5' into text field '//input[@placeholder="Enter the part number for the legs"]'.</msg>
<status status="PASS" starttime="20231013 12:28:04.238" endtime="20231013 12:28:04.615"/>
</kw>
<kw name="Input Text" library="RPA.Browser.Selenium">
<arg>//input[@placeholder="Shipping address"]</arg>
<arg>${order}[Address]</arg>
<doc>Types the given ``text`` into the text field identified by ``locator``.</doc>
<msg timestamp="20231013 12:28:04.622" level="INFO">Typing text 'Address 456' into text field '//input[@placeholder="Shipping address"]'.</msg>
<status status="PASS" starttime="20231013 12:28:04.617" endtime="20231013 12:28:05.045"/>
</kw>
<while condition="True">
<iter>
<kw name="Click Button" library="RPA.Browser.Selenium">
<arg>order</arg>
<doc>Clicks the button identified by ``locator``.</doc>
<msg timestamp="20231013 12:28:05.055" level="INFO">Clicking button 'order'.</msg>
<status status="PASS" starttime="20231013 12:28:05.052" endtime="20231013 12:28:05.226"/>
</kw>
<kw name="Is Element Visible" library="RPA.Browser.Selenium">
<var>${error}</var>
<arg>//div[@class="alert alert-danger"]</arg>
<doc>Is element visible</doc>
<msg timestamp="20231013 12:28:05.255" level="INFO" html="true">Ran with keyword &lt;b&gt;Element Should Be Visible&lt;/b&gt; which returned error: &lt;i&gt;Element with locator '//div[@class="alert alert-danger"]' not found.&lt;/i&gt;</msg>
<msg timestamp="20231013 12:28:05.257" level="INFO">${error} = False</msg>
<status status="PASS" starttime="20231013 12:28:05.229" endtime="20231013 12:28:05.258"/>
</kw>
<if>
<branch type="IF" condition="$error == $False">
<break>
<status status="PASS" starttime="20231013 12:28:05.262" endtime="20231013 12:28:05.263"/>
</break>
<status status="PASS" starttime="20231013 12:28:05.260" endtime="20231013 12:28:05.265"/>
</branch>
<status status="PASS" starttime="20231013 12:28:05.260" endtime="20231013 12:28:05.266"/>
</if>
<status status="PASS" starttime="20231013 12:28:05.047" endtime="20231013 12:28:05.267"/>
</iter>
<status status="PASS" starttime="20231013 12:28:05.047" endtime="20231013 12:28:05.268"/>
</while>
<kw name="Get receipt">
<var>${receiptNum}</var>
<kw name="Get Text" library="RPA.Browser.Selenium">
<var>${return}</var>
<arg>//p[@class="badge badge-success"]</arg>
<doc>Returns the text value of the element identified by ``locator``.</doc>
<msg timestamp="20231013 12:28:05.395" level="INFO">${return} = RSB-ROBO-ORDER-7FJAC58J47</msg>
<status status="PASS" starttime="20231013 12:28:05.274" endtime="20231013 12:28:05.396"/>
</kw>
<return>
<value>${return}</value>
<status status="PASS" starttime="20231013 12:28:05.398" endtime="20231013 12:28:05.399"/>
</return>
<msg timestamp="20231013 12:28:05.401" level="INFO">${receiptNum} = RSB-ROBO-ORDER-7FJAC58J47</msg>
<status status="PASS" starttime="20231013 12:28:05.270" endtime="20231013 12:28:05.402"/>
</kw>
<kw name="Store the receipt as a PDF file">
<var>${pdf}</var>
<arg>${receiptNum}</arg>
<kw name="Get Element Attribute" library="RPA.Browser.Selenium">
<var>${order_results_html}</var>
<arg>receipt</arg>
<arg>outerHTML</arg>
<doc>Returns the value of ``attribute`` from the element ``locator``.</doc>
<msg timestamp="20231013 12:28:05.491" level="INFO">${order_results_html} = &lt;div id="receipt" class="alert alert-success" role="alert"&gt;&lt;h3&gt;Receipt&lt;/h3&gt;&lt;div&gt;2023-10-13T09:28:05.212Z&lt;/div&gt;&lt;p class="badge badge-success"&gt;RSB-ROBO-ORDER-7FJAC58J47&lt;/p&gt;&lt;p&gt;Address 456&lt;/p&gt;&lt;div id="par...</msg>
<status status="PASS" starttime="20231013 12:28:05.407" endtime="20231013 12:28:05.492"/>
</kw>
<kw name="Html To Pdf" library="RPA.PDF">
<arg>${order_results_html}</arg>
<arg>output/tempPDF/${order number}.pdf</arg>
<doc>Generate a PDF file from HTML content.</doc>
<msg timestamp="20231013 12:28:05.500" level="INFO">Writing output to file C:\Users\JyriLinna-Alho\Desktop\Robocorp\FW-Cert2\output\tempPDF\RSB-ROBO-ORDER-7FJAC58J47.pdf</msg>
<msg timestamp="20231013 12:28:07.617" level="INFO">maxp pruned</msg>
<msg timestamp="20231013 12:28:07.625" level="INFO">cmap pruned</msg>
<msg timestamp="20231013 12:28:07.644" level="INFO">post pruned</msg>
<msg timestamp="20231013 12:28:07.647" level="INFO">GDEF dropped</msg>
<msg timestamp="20231013 12:28:07.649" level="INFO">GPOS dropped</msg>
<msg timestamp="20231013 12:28:07.650" level="INFO">GSUB dropped</msg>
<msg timestamp="20231013 12:28:07.694" level="INFO">glyf pruned</msg>
<msg timestamp="20231013 12:28:07.697" level="INFO">Added gid0 to subset</msg>
<msg timestamp="20231013 12:28:07.699" level="INFO">Added first four glyphs to subset</msg>
<msg timestamp="20231013 12:28:07.700" level="INFO">Closing glyph list over 'glyf': 58 glyphs before</msg>
<msg timestamp="20231013 12:28:07.701" level="INFO">Glyph names: ['.notdef', '.null', 'uni0020', 'uni0021', 'uni002D', 'uni002E', 'uni0030', 'uni0031', 'uni0032', 'uni0033', 'uni0034', 'uni0035', 'uni0036', 'uni0037', 'uni0038', 'uni0039', 'uni003A', 'uni0041', 'uni0042', 'uni0043', 'uni0044', 'uni0045', 'uni0046', 'uni0048', 'uni004A', 'uni004C', 'uni004F', 'uni0052', 'uni0053', 'uni0054', 'uni0057', 'uni0059', 'uni005A', 'uni0061', 'uni0062', 'uni0063', 'uni0064', 'uni0065', 'uni0066', 'uni0067', 'uni0068', 'uni0069', 'uni006B', 'uni006C', 'uni006D', 'uni006E', 'uni006F', 'uni0070', 'uni0072', 'uni0073', 'uni0074', 'uni0075', 'uni0076', 'uni0077', 'uni0079', 'uni007B', 'uni007D', 'uni00C4']</msg>
<msg timestamp="20231013 12:28:07.704" level="INFO">Glyph IDs:   [0, 1, 2, 3, 65, 73, 84, 95, 137, 161Glyph IDs:   [0, 1, 2, 3, 65, 73, 84, 95, 141, 161, 280, 291, 320, 382, 395, 409, 453, 456, 463, 469, 493, 504, 575, 582, 594, 612, 645, 650, 660, 679, 715, 723, 752, 759, 775, 827, 837, 867, 884, 899, 932, 936, 950, 1294, 1295, 1296, 1298, 1299, 1300, 1302, 1303, 1304, 1305, 1329, 1345, 1346, 1361, 1404, 1407, 1681]</msg>
<msg timestamp="20231013 12:28:07.611" level="INFO">Retaining 60 glyphs</msg>
<msg timestamp="20231013 12:28:07.615" level="INFO">head subsetting not needed</msg>
<msg timestamp="20231013 12:28:07.621" level="INFO">hhea subsetting not needed</msg>
<msg timestamp="20231013 12:28:07.625" level="INFO">maxp subsetting not needed</msg>
<msg timestamp="20231013 12:28:07.630" level="INFO">OS/2 subsetting not needed</msg>
<msg timestamp="20231013 12:28:07.632" level="INFO">hmtx subsetted</msg>
<msg timestamp="20231013 12:28:07.641" level="INFO">cmap subsetted</msg>
<msg timestamp="20231013 12:28:07.642" level="INFO">prep subsetting not needed</msg>
<msg timestamp="20231013 12:28:07.643" level="INFO">loca subsetting not needed</msg>
<msg timestamp="20231013 12:28:07.644" level="INFO">post subsetted</msg>
<msg timestamp="20231013 12:28:07.646" level="INFO">gasp subsetting not needed</msg>
<msg timestamp="20231013 12:28:07.647" level="INFO">STAT subsetting not needed</msg>
<msg timestamp="20231013 12:28:07.649" level="INFO">name subsetting not needed</msg>
<msg timestamp="20231013 12:28:07.654" level="INFO">glyf subsetted</msg>
<msg timestamp="20231013 12:28:07.665" level="INFO">head pruned</msg>
<msg timestamp="20231013 12:28:07.669" level="INFO">OS/2 Unicode ranges pruned: [0]</msg>
<msg timestamp="20231013 12:28:07.675" level="INFO">glyf pruned</msg>
<msg timestamp="20231013 12:28:07.694" level="INFO">name pruned</msg>
<msg timestamp="20231013 12:28:08.027" level="INFO">maxp pruned</msg>
<msg timestamp="20231013 12:28:08.030" level="INFO">cmap pruned</msg>
<msg timestamp="20231013 12:28:08.032" level="INFO">post pruned</msg>
<msg timestamp="20231013 12:28:08.033" level="INFO">GDEF dropped</msg>
<msg timestamp="20231013 12:28:08.034" level="INFO">GPOS dropped</msg>
<msg timestamp="20231013 12:28:08.038" level="INFO">GSUB dropped</msg>
<msg timestamp="20231013 12:28:08.070" level="INFO">glyf pruned</msg>
<msg timestamp="20231013 12:28:08.072" level="INFO">Added gid0 to subset</msg>
<msg timestamp="20231013 12:28:08.073" level="INFO">Added first four glyphs to subset</msg>
<msg timestamp="20231013 12:28:08.074" level="INFO">Closing glyph list over 'glyf': 19 glyphs before</msg>
<msg timestamp="20231013 12:28:08.098" level="INFO">Glyph names: ['.notdef', '.null', 'uni0020', 'uni0030', 'uni0031', 'uni0032', 'uni0033', 'uni0034', 'uni0035', 'uni0036', 'uni0037', 'uni0038', 'uni0039', 'uni0041', 'uni0062', 'uni006E', 'uni007B', 'uni007D', 'uni00C4']</msg>
<msg timestamp="20231013 12:28:08.118" level="INFO">Glyph IDs:   [0, 1, 2, 3, 575, 759, 1294, 1295, 1296, 1298, 1299, 1300, 1302, 1303, 1304, 1305, 1345, 1346, 1681]</msg>
<msg timestamp="20231013 12:28:08.120" level="INFO">Closed glyph list over 'glyf': 19 glyphs after</msg>
<msg timestamp="20231013 12:28:08.122" level="INFO">Glyph names: ['.notdef', '.null', 'uni0020', 'uni0030', 'uni0031', 'uni0032', 'uni0033', 'uni0034', 'uni0035', 'uni0036', 'uni0037', 'uni0038', 'uni0039', 'uni0041', 'uni0062', 'uni006E', 'uni007B', 'uni007D', 'uni00C4']</msg>
<msg timestamp="20231013 12:28:08.125" level="INFO">Glyph IDs:   [0, 1, 2, 3, 575, 759, 1294, 1295, 1296, 1298, 1299, 1300, 1302, 1303, 1304, 1305, 1345, 1346, 1681]</msg>
<msg timestamp="20231013 12:28:08.127" level="INFO">Retaining 19 glyphs</msg>
<msg timestamp="20231013 12:28:08.130" level="INFO">head subsetting not needed</msg>
<msg timestamp="20231013 12:28:08.131" level="INFO">hhea subsetting not needed</msg>
<msg timestamp="20231013 12:28:08.132" level="INFO">maxp subsetting not needed</msg>
<msg timestamp="20231013 12:28:08.133" level="INFO">OS/2 subsetting not needed</msg>
<msg timestamp="20231013 12:28:08.135" level="INFO">hmtx subsetted</msg>
<msg timestamp="20231013 12:28:08.144" level="INFO">cmap subsetted</msg>
<msg timestamp="20231013 12:28:08.145" level="INFO">prep subsetting not needed</msg>
<msg timestamp="20231013 12:28:08.146" level="INFO">loca subsetting not needed</msg>
<msg timestamp="20231013 12:28:08.149" level="INFO">post subsetted</msg>
<msg timestamp="20231013 12:28:08.154" level="INFO">gasp subsetting not needed</msg>
<msg timestamp="20231013 12:28:08.155" level="INFO">STAT subsetting not needed</msg>
<msg timestamp="20231013 12:28:08.156" level="INFO">name subsetting not needed</msg>
<msg timestamp="20231013 12:28:08.161" level="INFO">glyf subsetted</msg>
<msg timestamp="20231013 12:28:08.164" level="INFO">head pruned</msg>
<msg timestamp="20231013 12:28:08.166" level="INFO">OS/2 Unicode ranges pruned: [0]</msg>
<msg timestamp="20231013 12:28:08.171" level="INFO">glyf pruned</msg>
<msg timestamp="20231013 12:28:08.183" level="INFO">name pruned</msg>
<msg timestamp="20231013 12:28:08.395" level="INFO">maxp pruned</msg>
<msg timestamp="20231013 12:28:08.406" level="INFO">cmap pruned</msg>
<msg timestamp="20231013 12:28:08.410" level="INFO">post pruned</msg>
<msg timestamp="20231013 12:28:08.411" level="INFO">GDEF dropped</msg>
<msg timestamp="20231013 12:28:08.412" level="INFO">GPOS dropped</msg>
<msg timestamp="20231013 12:28:08.413" level="INFO">GSUB dropped</msg>
<msg timestamp="20231013 12:28:08.453" level="INFO">glyf pruned</msg>
<msg timestamp="20231013 12:28:08.472" level="INFO">Added gid0 to subset</msg>
<msg timestamp="20231013 12:28:08.480" level="INFO">Added first four glyphs to subset</msg>
<msg timestamp="20231013 12:28:08.486" level="INFO">Closing glyph list over 'glyf': 18 glyphs before</msg>
<msg timestamp="20231013 12:28:08.490" level="INFO">Glyph names: ['.notdef', '.null', 'uni0020', 'uni0030', 'uni0031', 'uni0032', 'uni0033', 'uni0034', 'uni0035', 'uni0036', 'uni0037', 'uni0038', 'uni0039', 'uni0062', 'uni006E', 'uni007B', 'uni007D', 'uni00A0']</msg>
<msg timestamp="20231013 12:28:08.492" level="INFO">Glyph IDs:   [0, 1, 2, 3, 544, 727, 1256, 1257, 1258, 1260, 1261, 1262, 1264, 1265, 1266, 1267, 1307, 1308]</msg>
<msg timestamp="20231013 12:28:08.493" level="INFO">Closed glyph list over 'glyf': 18 glyphs after</msg>
<msg timestamp="20231013 12:28:08.494" level="INFO">Glyph names: ['.notdef', '.null', 'uni0020', 'uni0030', 'uni0031', 'uni0032', 'uni0033', 'uni0034', 'uni0035', 'uni0036', 'uni0037', 'uni0038', 'uni0039', 'uni0062', 'uni006E', 'uni007B', 'uni007D', 'uni00A0']</msg>
<msg timestamp="20231013 12:28:08.496" level="INFO">Glyph IDs:   [0, 1, 2, 3, 544, 727, 1256, 1257, 1258, 1260, 1261, 1262, 1264, 1265, 1266, 1267, 1307, 1308]</msg>
<msg timestamp="20231013 12:28:08.498" level="INFO">Retaining 18 glyphs</msg>
<msg timestamp="20231013 12:28:08.501" level="INFO">head subsetting not needed</msg>
<msg timestamp="20231013 12:28:08.502" level="INFO">hhea subsetting not needed</msg>
<msg timestamp="20231013 12:28:08.505" level="INFO">maxp subsetting not needed</msg>
<msg timestamp="20231013 12:28:08.506" level="INFO">OS/2 subsetting not needed</msg>
<msg timestamp="20231013 12:28:08.509" level="INFO">hmtx subsetted</msg>
<msg timestamp="20231013 12:28:08.514" level="INFO">cmap subsetted</msg>
<msg timestamp="20231013 12:28:08.516" level="INFO">loca subsetting not needed</msg>
<msg timestamp="20231013 12:28:08.520" level="INFO">post subsetted</msg>
<msg timestamp="20231013 12:28:08.521" level="INFO">name subsetting not needed</msg>
<msg timestamp="20231013 12:28:08.525" level="INFO">glyf subsetted</msg>
<msg timestamp="20231013 12:28:08.528" level="INFO">head pruned</msg>
<msg timestamp="20231013 12:28:08.531" level="INFO">OS/2 Unicode ranges pruned: [0]</msg>
<msg timestamp="20231013 12:28:08.536" level="INFO">glyf pruned</msg>
<msg timestamp="20231013 12:28:08.540" level="INFO">name pruned</msg>
<msg timestamp="20231013 12:28:08.606" level="INFO">maxp pruned</msg>
<msg timestamp="20231013 12:28:08.615" level="INFO">cmap pruned</msg>
<mshhea subsetting not needed</msg>
<msg timestamp="20231013 12:28:08.758" level="INFO">maxp subsetting not needed</msg>
<msg timestamp="20231013 12:28:08.762" level="INFO">OS/2 subsetting not needed</msg>
<msg timestamp="20231013 12:28:08.763" level="INFO">hmtx subsetted</msg>
<msg timestamp="20231013 12:28:08.772" level="INFO">cmap subsetted</msg>
<msg timestamp="20231013 12:28:08.774" level="INFO">loca subsetting not needed</msg>
<msg timestamp="20231013 12:28:08.775" level="INFO">post subsetted</msg>
<msg timestamp="20231013 12:28:08.776" level="INFO">name subsetting not needed</msg>
<msg timestamp="20231013 12:28:08.780" level="INFO">glyf subsetted</msg>
<msg timestamp="20231013 12:28:08.782" level="INFO">head pruned</msg>
<msg timestamp="20231013 12:28:08.784" level="INFO">OS/2 Unicode ranges pruned: [0]</msg>
<msg timestamp="20231013 12:28:08.791" level="INFO">glyf pruned</msg>
<msg timestamp="20231013 12:28:08.797" level="INFO">name pruned</msg>
<msg timestamp="20231013 12:28:08.854" level="INFO">maxp pruned</msg>
<msg timestamp="20231013 12:28:08.856" level="INFO">cmap pruned</msg>
<msg timestamp="20231013 12:28:08.857" level="INFO">post pruned</msg>
<msg timestamp="20231013 12:28:08.859" level="INFO">GDEF dropped</msg>
<msg timestamp="20231013 12:28:08.860" level="INFO">GPOS dropped</msg>
<msg timestamp="20231013 12:28:08.861" level="INFO">GSUB dropped</msg>
<msg timestamp="20231013 12:28:08.898" level="INFO">glyf pruned</msg>
<msg timestamp="20231013 12:28:08.913" level="INFO">Added gid0 to subset</msg>
<msg timestamp="20231013 12:28:08.914" level="INFO">Added first four glyphs to subset</msg>
<msg timestamp="20231013 12:28:08.915" level="INFO">Closing glyph list over 'glyf': 18 glyphs before</msg>
<msg timestamp="20231013 12:28:08.916" level="INFO">Glyph names: ['.notdef', '.null', 'uni0020', 'uni0030', 'uni0031', 'uni0032', 'uni0033', 'uni0034', 'uni0035', 'uni0036', 'uni0037', 'uni0038', 'uni0039', 'uni0062', 'uni006E', 'uni007B', 'uni007D', 'uni00A0']</msg>
<msg timestamp="20231013 12:28:08.919" level="INFO">Glyph IDs:   [0, 1, 2, 3, 544, 727, 1256, 1257, 1258, 1260, 1261, 1262, 1264, 1265, 1266, 1267, 1307, 1308]</msg>
<msg timestamp="20231013 12:28:08.920" level="INFO">Closed glyph list over 'glyf': 18 glyphs after</msg>
<msg timestamp="20231013 12:28:08.921" level="INFO">Glyph names: ['.notdef', '.null', 'uni0020', 'uni0030', 'uni0031', 'uni0032', 'uni0033', 'uni0034', 'uni0035', 'uni0036', 'uni0037', 'uni0038', 'uni0039', 'uni0062', 'uni006E', 'uni007B', 'uni007D', 'uni00A0']</msg>
<msg timestamp="20231013 12:28:08.923" level="INFO">Glyph IDs:   [0, 1, 2, 3, 544, 727, 1256, 1257, 1258, 1260, 1261, 1262, 1264, 1265, 1266, 1267, 1307, 1308]</msg>
<msg timestamp="20231013 12:28:08.924" level="INFO">Retaining 18 glyphs</msg>
<msg timestamp="20231013 12:28:08.927" level="INFO">head subsetting not needed</msg>
<msg timestamp="20231013 12:28:08.929" level="INFO">hhea subsetting not needed</msg>
<msg timestamp="20231013 12:28:08.930" level="INFO">maxp subsetting not needed</msg>
<msg timestamp="20231013 12:28:08.932" level="INFO">OS/2 subsetting not needed</msg>
<msg timestamp="20231013 12:28:08.933" level="INFO">hmtx subsetted</msg>
<msg timestamp="20231013 12:28:08.937" level="INFO">cmap subsetted</msg>
<msg timestamp="20231013 12:28:08.941" level="INFO">loca subsetting not needed</msg>
<msg timestamp="20231013 12:28:08.942" level="INFO">post subsetted</msg>
<msg timestamp="20231013 12:28:08.947" level="INFO">name subsetting not needed</msg>
<msg timestamp="20231013 12:28:08.978" level="INFO">glyf subsetted</msg>
<msg timestamp="20231013 12:28:08.993" level="INFO">head pruned</msg>
<msg timestamp="20231013 12:28:08.995" level="INFO">OS/2 Unicode ranges pruned: [0]</msg>
<msg timestamp="20231013 12:28:08.999" level="INFO">glyf pruned</msg>
<msg timestamp="20231013 12:28:09.002" level="INFO">name pruned</msg>
<status status="PASS" starttime="20231013 12:28:05.493" endtime="20231013 12:28:09.218"/>
</kw>
<msg timestamp="20231013 12:28:09.220" level="INFO">${pdf} = None</msg>
<status status="PASS" starttime="20231013 12:28:05.404" endtime="20231013 12:28:09.221"/>
</kw>
<kw name="Click Button" library="RPA.Browser.Selenium">
<arg>order-another</arg>
<doc>Clicks the button identified by ``locator``.</doc>
<msg timestamp="20231013 12:28:09.235" level="INFO">Clicking button 'order-another'.</msg>
<status status="PASS" starttime="20231013 12:28:09.223" endtime="20231013 12:28:09.454"/>
</kw>
<status status="PASS" starttime="20231013 12:28:03.773" endtime="20231013 12:28:09.455"/>
</iter>
<iter>
<var name="${order}">{'Order number': '3', 'Head': '6', 'Body': '2', 'Legs': '3', 'Address': 'Address 789'}</var>
<kw name="Close the annoying modal">
<kw name="Click Button" library="RPA.Browser.Selenium">
<arg>Yep</arg>
<doc>Clicks the button identified by ``locator``.</doc>
<msg timestamp="20231013 12:28:09.467" level="INFO">Clicking button 'Yep'.</msg>
<status status="PASS" starttime="20231013 12:28:09.463" endtime="20231013 12:28:09.636"/>
</kw>
<status status="PASS" starttime="20231013 12:28:09.460" endtime="20231013 12:28:09.637"/>
</kw>
<kw name="Select From List By Value" library="RPA.Browser.Selenium">
<arg>head</arg>
<arg>${order}[Head]</arg>
<doc>Selects options from selection list ``locator`` by ``values``.</doc>
<msg timestamp="20231013 12:28:09.645" level="INFO">Selecting options from selection list 'head' by value 6.</msg>
<status status="PASS" starttime="20231013 12:28:09.639" endtime="20231013 12:28:09.784"/>
</kw>
<kw name="Click Button" library="RPA.Browser.Selenium">
<arg>id-body-${order}[Body]</arg>
<doc>Clicks the button identified by ``locator``.</doc>
<msg timestamp="20231013 12:28:09.790" level="INFO">Clicking button 'id-body-2'.</msg>
<status status="PASS" starttime="20231013 12:28:09.785" endtime="20231013 12:28:10.035"/>
</kw>
<kw name="Input Text" library="RPA.Browser.Selenium">
<arg>//input[@placeholder="Enter the part number for the legs"]</arg>
<arg>${order}[Legs]</arg>
<doc>Types the given ``text`` into the text field identified by ``locator``.</doc>
<msg timestamp="20231013 12:28:10.042" level="INFO">Typing text '3' into text field '//input[@placeholder="Enter the part number for the legs"]'.</msg>
<status status="PASS" starttime="20231013 12:28:10.036" endtime="20231013 12:28:10.487"/>
</kw>
<kw name="Input Text" library="RPA.Browser.Selenium">
<arg>//input[@placeholder="Shipping address"]</arg>
<arg>${order}[Address]</arg>
<doc>Types the given ``text`` into the text field identified by ``locator``.</doc>
<msg timestamp="20231013 12:28:10.494" level="INFO">Typing text 'Address 789' into text field '//input[@placeholder="Shipping address"]'.</msg>
<status status="PASS" starttime="20231013 12:28:10.489" endtime="20231013 12:28:10.980"/>
</kw>
<while condition="True">
<iter>
<kw name="Click Button" library="RPA.Browser.Selenium">
<arg>order</arg>
<doc>Clicks the button identified by ``locator``.</doc>
<msg timestamp="20231013 12:28:10.988" level="INFO">Clicking button 'order'.</msg>
<status status="PASS" starttime="20231013 12:28:10.984" endtime="20231013 12:28:11.231"/>
</kw>
<kw name="Is Element Visible" library="RPA.Browser.Selenium">
<var>${error}</var>
<arg>//div[@class="alert alert-danger"]</arg>
<doc>Is element visible</doc>
<msg timestamp="20231013 12:28:11.321" level="INFO" html="true">Ran with keyword &lt;b&gt;Element Should Be Visible&lt;/b&gt; which returned error: &lt;i&gt;Element with locator '//div[@class="alert alert-danger"]' not found.&lt;/i&gt;</msg>
<msg timestamp="20231013 12:28:11.322" level="INFO">${error} = False</msg>
<status status="PASS" starttime="20231013 12:28:11.233" endtime="20231013 12:28:11.323"/>
</kw>
<if>
<branch type="IF" condition="$error == $False">
<break>
<status status="PASS" starttime="20231013 12:28:11.327" endtime="20231013 12:28:11.328"/>
</break>
<status status="PASS" starttime="20231013 12:28:11.325" endtime="20231013 12:28:11.329"/>
</branch>
<status status="PASS" starttime="20231013 12:28:11.324" endtime="20231013 12:28:11.330"/>
</if>
<status status="PASS" starttime="20231013 12:28:10.981" endtime="20231013 12:28:11.331"/>
</iter>
<status status="PASS" starttime="20231013 12:28:10.981" endtime="20231013 12:28:11.332"/>
</while>
<kw name="Get receipt">
<var>${receiptNum}</var>
<kw name="Get Text" library="RPA.Browser.Selenium">
<var>${return}</var>
<arg>//p[@class="badge badge-success"]</arg>
<doc>Returns the text value of the element identified by ``locator``.</doc>
<msg timestamp="20231013 12:28:11.447" level="INFO">${return} = RSB-ROBO-ORDER-DYQQF61HIB</msg>
<status status="PASS" starttime="20231013 12:28:11.337" endtime="20231013 12:28:11.449"/>
</kw>
<return>
<value>${return}</value>
<status status="PASS" starttime="20231013 12:28:11.450" endtime="20231013 12:28:11.452"/>
</return>
<msg timestamp="20231013 12:28:11.454" level="INFO">${receiptNum} = RSB-ROBO-ORDER-DYQQF61HIB</msg>
<status status="PASS" starttime="20231013 12:28:11.334" endtime="20231013 12:28:11.455"/>
</kw>
<kw name="Store the receipt as a PDF file">
<var>${pdf}</var>
<arg>${receiptNum}</arg>
<kw name="Get Element Attribute" library="RPA.Browser.Selenium">
<var>${order_results_html}</var>
<arg>receipt</arg>
<arg>outerHTML</arg>
<doc>Returns the value of ``attribute`` from the element ``locator``.</doc>
<msg timestamp="20231013 12:28:11.567" level="INFO">${order_results_html} = &lt;div id="receipt" class="alert alert-success" role="alert"&gt;&lt;h3&gt;Receipt&lt;/h3&gt;&lt;div&gt;2023-10-13T09:28:11.203Z&lt;/div&gt;&lt;p class="badge badge-success"&gt;RSB-ROBO-ORDER-DYQQF61HIB&lt;/p&gt;&lt;p&gt;Address 789&lt;/p&gt;&lt;div id="par...</msg>
<status status="PASS" starttime="20231013 12:28:11.460" endtime="20231013 12:28:11.568"/>
</kw>
<kw name="Html To Pdf" library="RPA.PDF">
<arg>${order_results_html}</arg>
<arg>output/tempPDF/${order number}.pdf</arg>
<doc>Generate a PDF file from HTML content.</doc>
<msg timestamp="20231013 12:28:11.577" level="INFO">Writing output to file C:\Users\JyriLinna-Alho\Desktop\Robocorp\FW-Cert2\output\tempPDF\RSB-ROBO-ORDER-DYQQF61HIB.pdf</msg>
<msg timestamp="20231013 12:28:14.256" level="INFO">maxp pruned</msg>
<msg timestamp="20231013 12:28:14.260" level="INFO">cmap pruned</msg>
<msg timestamp="20231013 12:28:14.262" level="INFO">post pruned</msg>
<msg timestamp="20231013 12:28:14.263" level="INFO">GDEF dropped</msg>
<msg timestamp="20231013 12:28:14.264" level="INFO">GPOS dropped</msg>
<msg timestamp="20231013 12:28:14.265" level="INFO">GSUB dropped</msg>
<msg timestamp="20231013 12:28:14.377" level="INFO">glyf pruned</msg>
<msg timestamp="20231013 12:28:14.381" level="INFO">Added gid0 to subset</msg>
<msg timestamp="20231013 12:28:14.382" level="INFO">Added first four glyphs to subset</msg>
<msg timestamp="20231013 12:28:14.383" level="INFO">Closing glyph list over 'glyf': 58 glyphs before</msg>
<msg timestamp="20231013 12:28:14.384" level="INFO">Glyph names: ['.notdef', '.null', 'uni0020', 'uni0021', 'uni002D', 'uni002E', 'uni0030', 'uni0031', 'uni0032', 'uni0033', 'uni0034', 'uni0035', 'uni0036', 'uni0037', 'uni0038', 'uni0039', 'uni003A', 'uni0041', 'uni0042', 'uni0044', 'uni0045', 'uni0046', 'uni0048', 'uni0049', 'uni004C', 'uni004F', 'uni0051', 'uni0052', 'uni0053', 'uni0054', 'uni0057', 'uni0059', 'uni005A', 'uni0061', 'uni0062', 'uni0063', 'uni0064', 'uni0065', 'uni0066', 'uni0067', 'uni0068', 'uni0069', 'uni006B', 'uni006C', 'uni006D', 'uni006E', 'uni006F', 'uni0070', 'uni0072', 'uni0073', 'uni0074', 'uni0075', 'uni0076', 'uni0077', 'uni0079', 'uni007B', 'uni007D', 'uni00C4']</msg>
<msg timestamp="20231013 12:28:14.406" level="INFO">Glyph IDs:   [0, 1, 2, 3, 65, 84, 95, 137, 161, 197, 280, 320, 381, 382, 395, 409, 456, 469, 493, 504, 575, 582, 594, 612, 645, 650, 660, 679, 715, 723, 752, 759, 775, 827, 837, 867, 884, 899, 932, 936, 950, 1294, 1295, 1296, 1298, 1299, 1300, 1302, 1303, 1304, 1305, 1329, 1345, 1346, 1361, 1404, 1407, 1681]</msg>
<msg timestamp="20231013 12:28:14.408" level="INFO">Closed glyph list over 'glyf': 58 glyphs after</msg>
<msg timestamp="20231013 12:28:14.410" level="INFO">Glyph names: ['.notdef', '.null', 'uni0020', 'uni0021', 'uni002D', 'uni002E', 'uni0030', 'uni0031', 'uni0032', 'uni0033', 'uni0034', 'uni0035', 'uni0036', 'uni0037', 'uni0038', 'uni0039', 'uni003A', 'uni0041', 'uni0042', 'uni0044', 'uni0045', 'uni0046', 'uni0048', 'uni0049', 'uni004C', 'uni004F', 'uni0051', 'uni0052', 'uni0053', 'uni0054', 'uni0057', 'uni0059', 'uni005A', 'uni0061', 'uni0062', 'uni0063', 'uni0064', 'uni0065', 'uni0066', 'uni0067', 'uni0068', 'uni0069', 'uni006B', 'uni006C', 'uni006D', 'uni006E', 'uni006F', 'uni0070', 'uni0072', 'uni0073', 'uni0074', 'uni0075', 'uni0076', 'uni0077', 'uni0079', 'uni007B', 'uni007D', 'uni00C4']</msg>
<msg timestamp="20231013 12:28:14.413" level="INFO">Glyph IDs:   [0, 1, 2, 3, 65, 84, 95, 137, 161, 197, 280, 320, 381, 382, 395, 409, 456, 469, 493, 504, 575, 582, 594, 612, 645, 650, 660, 679, 715, 723, 752, 759, 775, 827, 837, 867, 884, 899, 932, 936, 950, 1294, 1295, 1296, 1298, 1299, 1300, 1302, 1303, 1304, 1305, 1329, 1345, 1346, 1361, 1404, 1407, 1681]</msg>
<msg timestamp="20231013 12:28:14.420" level="INFO">Retaining 58 glyphs</msg>
<msg timestamp="20231013 12:28:14.423" level="INFO">head subsetting not needed</msg>
<msg timestamp="20231013 12:28:14.424" level="INFO">hhea subsetting not needed</msg>
<msg timestamp="20231013 12:28:14.425" level="INFO">maxp subsetting not needed</msg>
<msg timestamp="20231013 12:28:14.426" level="INFO">OS/2 subsetting not needed</msg>
<msg timestamp="20231013 12:28:14.427" level="INFO">hmtx subsetted</msg>
<msg timestamp="20231013 12:28:14.443" level="INFO">cmap subsetted</msg>
<msg timestamp="20231013 12:28:14.444" level="INFO">prep subsetting not needed</msg>
<msg timestamp="20231013 12:28:14.452" level="INFO">loca subsetting not needed</msg>
<msg timestamp="20231013 12:28:14.463" level="INFO">post subsetted</msg>
<msg timestamp="20231013 12:28:14.464" level="INFO">gasp subsetting not needed</msg>
<msg timestamp="20231013 12:28:14.466" level="INFO">STAT subsetting not needed</msg>
<msg timestamp="20231013 12:28:14.467" level="INFO">name subsetting not needed</msg>
<msg timestamp="20231013 12:28:14.472" level="INFO">glyf subsetted</msg>
<msg timestamp="20231013 12:28:14.475" level="INFO">head pruned</msg>
<msg timestamp="20231013 12:28:14.479" level="INFO">OS/2 Unicode ranges pruned: [0]</msg>
<msg timestamp="20231013 12:28:14.486" level="INFO">glyf pruned</msg>
<msg timestamp="20231013 12:28:14.528" level="INFO">name pruned</msg>
<msg timestamp="20231013 12:28:14.936" level="INFO">maxp pruned</msg>
<msg timestamp="20231013 12:28:14.938" level="INFO">cmap pruned</msg>
<msg timestamp="20231013 12:28:14.941" level="INFO">post pruned</msg>
<msg timestamp="20231013 12:28:14.942" level="INFO">GDEF dropped</msg>
<msg timestamp="20231013 12:28:14.943" level="INFO">GPOS dropped</msg>
<msg timestamp="20231013 12:28:14.944" level="INFO">GSUB dropped</msg>
<msg timestamp="20231013 12:28:15.115" level="INFO">glyf pruned</msg>
<msg timestamp="20231013 12:28:15.118" level="INFO">Added gid0 to subset</msg>
<msg timestamp="20231013 12:28:15.119" level="INFO">Added first four glyphs to subset</msg>
<msg timestamp="20231013 12:28:15.123" level="INFO">Closing glyph list over 'glyf': 19 glyphs before</msg>
<msg timestamp="20231013 12:28:15.124" level="INFO">Glyph names: ['.notdef', '.null', 'uni0020', 'uni0030', 'uni0031', 'uni0032', 'uni0033', 'uni0034', 'uni0035', 'uni0036', 'uni0037', 'uni0038', 'uni0039', 'uni0041', 'uni0062', 'uni006E', 'uni007B', 'uni007D', 'uni00C4']</msg>
<msg timestamp="20231013 12:28:15.126" level="INFO">Glyph IDs:   [0, 1, 2, 3, 575, 759, 1294, 1295, 1296, 1298, 1299, 1300, 1302, 1303, 1304, 1305, 1345, 1346, 1681]</msg>
<msg timestamp="20231013 12:28:15.127" level="INFO">Closed glyph list over 'glyf': 19 glyphs after</msg>
<msg timestamp="20231013 12:28:15.128" level="INFO">Glyph names: ['.notdef', '.null', 'uni0020', 'uni0030', 'uni0031', 'uni0032', 'uni0033', 'uni0034', 'uni0035', 'uni0036'Glyph names: ['.notdef', '.null', 'uni0020', 'uni0030', 'uni0031', 'uni0032', 'uni0033', 'uni0034', 'uni0035', 'uni0036', 'uni0037', 'uni0038', 'uni0039', 'uni0041', 'uni0062', 'uni006E', 'uni007B', 'uni007D', 'uni00C4']</msg>
<msg timestamp="20231013 12:28:14.757" level="INFO">Glyph IDs:   [0, 1, 2, 3, 575, 759, 1294, 1295, 1296, 1298, 1299, 1300, 1302, 1303, 1304, 1305, 1345, 1346, 1681]</msg>
<msg timestamp="20231013 12:28:14.761" level="INFO">Retaining 19 glyphs</msg>
<msg timestamp="20231013 12:28:14.764" level="INFO">head subsetting not needed</msg>
<msg timestamp="20231013 12:28:14.770" level="INFO">hhea subsetting not needed</msg>
<msg timestamp="20231013 12:28:14.772" level="INFO">maxp subsetting not needed</msg>
<msg timestamp="20231013 12:28:14.774" level="INFO">OS/2 subsetting not needed</msg>
<msg timestamp="20231013 12:28:14.775" level="INFO">hmtx subsetted</msg>
<msg timestamp="20231013 12:28:14.788" level="INFO">cmap subsetted</msg>
<msg timestamp="20231013 12:28:14.792" level="INFO">prep subsetting not needed</msg>
<msg timestamp="20231013 12:28:14.793" level="INFO">loca subsetting not needed</msg>
<msg timestamp="20231013 12:28:14.795" level="INFO">post subsetted</msg>
<msg timestamp="20231013 12:28:14.798" level="INFO">gasp subsetting not needed</msg>
<msg timestamp="20231013 12:28:14.799" level="INFO">STAT subsetting not needed</msg>
<msg timestamp="20231013 12:28:14.811" level="INFO">name subsetting not needed</msg>
<msg timestamp="20231013 12:28:14.818" level="INFO">glyf subsetted</msg>
<msg timestamp="20231013 12:28:14.823" level="INFO">head pruned</msg>
<msg timestamp="20231013 12:28:14.839" level="INFO">OS/2 Unicode ranges pruned: [0]</msg>
<msg timestamp="20231013 12:28:14.844" level="INFO">glyf pruned</msg>
<msg timestamp="20231013 12:28:14.853" level="INFO">name pruned</msg>
<msg timestamp="20231013 12:28:15.195" level="INFO">maxp pruned</msg>
<msg timestamp="20231013 12:28:15.197" level="INFO">cmap pruned</msg>
<msg timestamp="20231013 12:28:15.198" level="INFO">post pruned</msg>
<msg timestamp="20231013 12:28:15.200" level="INFO">GDEF dropped</msg>
<msg timestamp="20231013 12:28:15.201" level="INFO">GPOS dropped</msg>
<msg timestamp="20231013 12:28:15.209" level="INFO">GSUB dropped</msg>
<msg timestamp="20231013 12:28:15.318" level="INFO">glyf pruned</msg>
<msg timestamp="20231013 12:28:15.360" level="INFO">Added gid0 to subset</msg>
<msg timestamp="20231013 12:28:15.374" level="INFO">Added first four glyphs to subset</msg>
<msg timestamp="20231013 12:28:15.376" level="INFO">Closing glyph list over 'glyf': 18 glyphs before</msg>
<msg timestamp="20231013 12:28:15.377" level="INFO">Glyph names: ['.notdef', '.null', 'uni0020', 'uni0030', 'uni0031', 'uni0032', 'uni0033', 'uni0034', 'uni0035', 'uni0036', 'uni0037', 'uni0038', 'uni0039', 'uni0062', 'uni006E', 'uni007B', 'uni007D', 'uni00A0']</msg>
<msg timestamp="20231013 12:28:15.381" level="INFO">Glyph IDs:   [0, 1, 2, 3, 544, 727, 1256, 1257, 1258, 1260, 1261, 1262, 1264, 1265, 1266, 1267, 1307, 1308]</msg>
<msg timestamp="20231013 12:28:15.382" level="INFO">Closed glyph list over 'glyf': 18 glyphs after</msg>
<msg timestamp="20231013 12:28:15.383" level="INFO">Glyph names: ['.notdef', '.null', 'uni0020', 'uni0030', 'uni0031', 'uni0032', 'uni0033', 'uni0034', 'uni0035', 'uni0036', 'uni0037', 'uni0038', 'uni0039', 'uni0062', 'uni006E', 'uni007B', 'uni007D', 'uni00A0']</msg>
<msg timestamp="20231013 12:28:15.385" level="INFO">Glyph IDs:   [0, 1, 2, 3, 544, 727, 1256, 1257, 1258, 1260, 1261, 1262, 1264, 1265, 1266, 1267, 1307, 1308]</msg>
<msg timestamp="20231013 12:28:15.389" level="INFO">Retaining 18 glyphs</msg>
<msg timestamp="20231013 12:28:15.394" level="INFO">head subsetting not needed</msg>
<msg timestamp="20231013 12:28:15.395" level="INFO">hhea subsetting not needed</msg>
<msg timestamp="20231013 12:28:15.396" level="INFO">maxp subsetting not needed</msg>
<msg timestamp="20231013 12:28:15.398" level="INFO">OS/2 subsetting not needed</msg>
<msg timestamp="20231013 12:28:15.400" level="INFO">hmtx subsetted</msg>
<msg timestamp="20231013 12:28:15.418" level="INFO">cmap subsetted</msg>
<msg timestamp="20231013 12:28:15.427" level="INFO">loca subsetting not needed</msg>
<msg timestamp="20231013 12:28:15.428" level="INFO">post subsetted</msg>
<msg timestamp="20231013 12:28:15.430" level="INFO">name subsetting not needed</msg>
<msg timestamp="20231013 12:28:15.436" level="INFO">glyf subsetted</msg>
<msg timestamp="20231013 12:28:15.439" level="INFO">head pruned</msg>
<msg timestamp="20231013 12:28:15.441" level="INFO">OS/2 Unicode ranges pruned: [0]</msg>
<msg timestamp="20231013 12:28:15.444" level="INFO">glyf pruned</msg>
<msg timestamp="20231013 12:28:15.447" level="INFO">name pruned</msg>
<msg timestamp="20231013 12:28:15.586" level="INFO">maxp pruned</msg>
<msg timestamp="20231013 12:28:15.588" level="INFO">cmap pruned</msg>
<msg timestamp="20231013 12:28:15.591" level="INFO">post pruned</msg>
<msg timestamp="20231013 12:28:15.592" level="INFO">GDEF dropped</msg>
<msg timestamp="20231013 12:28:15.593" level="INFO">GPOS dropped</msg>
<msg timestamp="20231013 12:28:15.596" level="INFO">GSUB dropped</msg>
<msg timestamp="20231013 12:28:15.709" level="INFO">glyf pruned</msg>
<msg timestamp="20231013 12:28:15.728" level="INFO">Added gid0 to subset</msg>
<msg timestamp="20231013 12:28:15.731" level="INFO">Added first four glyphs to subset</msg>
<msg timestamp="20231013 12:28:15.732" level="INFO">Closing glyph list over 'glyf': 18 glyphs before</msg>
<msg timestamp="20231013 12:28:15.733" level="INFO">Glyph names: ['.notdef', '.null', 'uni0020', 'uni0030', 'uni0031', 'uni0032', 'uni0033', 'uni0034', 'uni0035', 'uni0036', 'uni0037', 'uni0038', 'uni0039', 'uni0062', 'uni006E', 'uni007B', 'uni007D', 'uni00A0']</msg>
<msg timestamp="20231013 12:28:15.735" level="INFO">Glyph IDs:   [0, 1, 2, 3, 544, 727, 1256, 1257, 1258, 1260, 1261, 1262, 1264, 1265, 1266, 1267, 1307, 1308]</msg>
<msg timestamp="20231013 12:28:15.737" level="INFO">Closed glyph list over 'glyf': 18 glyphs after</msg>
<msg timestamp="20231013 12:28:15.738" level="INFO">Glyph names: ['.notdef', '.null', 'uni0020', 'uni0030', 'uni0031', 'uni0032', 'uni0033', 'uni0034', 'uni0035', 'uni0036', 'uni0037', 'uni0038', 'uni0039', 'uni0062', 'uni006E', 'uni007B', 'uni007D', 'uni00A0']</msg>
<msg timestamp="20231013 12:28:15.741" level="INFO">Glyph IDs:   [0, 1, 2, 3, 544, 727, 1256, 1257, 1258, 1260, 1261, 1262, 1264, 1265, 1266, 1267, 1307, 1308]</msg>
<msg timestamp="20231013 12:28:15.743" level="INFO">Retaining 18 glyphs</msg>
<msg timestamp="20231013 12:28:15.746" level="INFO">head subsetting not needed</msg>
<msg timestamp="20231013 12:28:15.747" level="INFO">hhea subsetting not needed</msg>
<msg timestamp="20231013 12:28:15.748" level="INFO">maxp subsetting not needed</msg>
<msg timestamp="20231013 12:28:15.749" level="INFO">OS/2 subsetting not needed</msg>
<msg timestamp="20231013 12:28:15.753" level="INFO">hmtx subsetted</msg>
<msg timestamp="20231013 12:28:15.767" level="INFO">cmap subsetted</msg>
<msg timestamp="20231013 12:28:15.769" level="INFO">loca subsetting not needed</msg>
<msg timestamp="20231013 12:28:15.771" level="INFO">post subsetted</msg>
<msg timestamp="20231013 12:28:15.772" level="INFO">name subsetting not needed</msg>
<msg timestamp="20231013 12:28:15.776" level="INFO">glyf subsetted</msg>
<msg timestamp="20231013 12:28:15.780" level="INFO">head pruned</msg>
<msg timestamp="20231013 12:28:15.785" level="INFO">OS/2 Unicode ranges pruned: [0]</msg>
<msg timestamp="20231013 12:28:15.788" level="INFO">glyf pruned</msg>
<msg timestamp="20231013 12:28:15.792" level="INFO">name pruned</msg>
<status status="PASS" starttime="20231013 12:28:11.597" endtime="20231013 12:28:15.966"/>
</kw>
<msg timestamp="20231013 12:28:15.968" level="INFO">${pdf} = None</msg>
<status status="PASS" starttime="20231013 12:28:11.549" endtime="20231013 12:28:15.969"/>
</kw>
<kw name="Click Button" library="RPA.Browser.Selenium">
<arg>order-another</arg>
<doc>Clicks the button identified by ``locator``.</doc>
<msg timestamp="20231013 12:28:15.976" level="INFO">Clicking button 'order-another'.</msg>
<status status="PASS" starttime="20231013 12:28:15.971" endtime="20231013 12:28:16.825"/>
</kw>
<status status="PASS" starttime="20231013 12:28:09.230" endtime="20231013 12:28:16.826"/>
</iter>
<iter>
<var name="${order}">{'Order number': '4', 'Head': '2', 'Body': '3', 'Legs': '2', 'Address': 'Address 1'}</var>
<kw name="Close the annoying modal">
<kw name="Click Button" library="RPA.Browser.Selenium">
<arg>Yep</arg>
<doc>Clicks the button identified by ``locator``.</doc>
<msg timestamp="20231013 12:28:16.837" level="INFO">Clicking button 'Yep'.</msg>
<status status="PASS" starttime="20231013 12:28:16.834" endtime="20231013 12:28:17.277"/>
</kw>
<status status="PASS" starttime="20231013 12:28:16.830" endtime="20231013 12:28:17.279"/>
</kw>
<kw name="Select From List By Value" library="RPA.Browser.Selenium">
<arg>head</arg>
<arg>${order}[Head]</arg>
<doc>Selects options from selection list ``locator`` by ``values``.</doc>
<msg timestamp="20231013 12:28:17.286" level="INFO">Selecting options from selection list 'head' by value 2.</msg>
<status status="PASS" starttime="20231013 12:28:17.281" endtime="20231013 12:28:17.803"/>
</kw>
<kw name="Click Button" library="RPA.Browser.Selenium">
<arg>id-body-${order}[Body]</arg>
<doc>Clicks the button identified by ``locator``.</doc>
<msg timestamp="20231013 12:28:17.809" level="INFO">Clicking button 'id-body-3'.</msg>
<status status="PASS" starttime="20231013 12:28:17.805" endtime="20231013 12:28:18.171"/>
</kw>
<kw name="Input Text" library="RPA.Browser.Selenium">
<arg>//input[@placeholder="Enter the part number for the legs"]</arg>
<arg>${order}[Legs]</arg>
<doc>Types the given ``text`` into the text field identified by ``locator``.</doc>
<msg timestamp="20231013 12:28:18.178" level="INFO">Typing text '2' into text field '//input[@placeholder="Enter the part number for the legs"]'.</msg>
<status status="PASS" starttime="20231013 12:28:18.173" endtime="20231013 12:28:18.758"/>
</kw>
<kw name="Input Text" library="RPA.Browser.Selenium">
<arg>//input[@placeholder="Shipping address"]</arg>
<arg>${order}[Address]</arg>
<doc>Types the given ``text`` into the text field identified by ``locator``.</doc>
<msg timestamp="20231013 12:28:18.765" level="INFO">Typing text 'Address 1' into text field '//input[@placeholder="Shipping address"]'.</msg>
<status status="PASS" starttime="20231013 12:28:18.760" endtime="20231013 12:28:19.391"/>
</kw>
<while condition="True">
<iter>
<kw name="Click Button" library="RPA.Browser.Selenium">
<arg>order</arg>
<doc>Clicks the button identified by ``locator``.</doc>
<msg timestamp="20231013 12:28:19.401" level="INFO">Clicking button 'order'.</msg>
<status status="PASS" starttime="20231013 12:28:19.396" endtime="20231013 12:28:19.540"/>
</kw>
<kw name="Is Element Visible" library="RPA.Browser.Selenium">
<var>${error}</var>
<arg>//div[@class="alert alert-danger"]</arg>
<doc>Is element visible</doc>
<msg timestamp="20231013 12:28:19.658" level="INFO">Element '//div[@class="alert alert-danger"]' is displayed.</msg>
<msg timestamp="20231013 12:28:19.660" level="INFO">${error} = True</msg>
<status status="PASS" starttime="20231013 12:28:19.542" endtime="20231013 12:28:19.661"/>
</kw>
<if>
<branch type="IF" condition="$error == $False">
<break>
<status status="NOT RUN" starttime="20231013 12:28:19.665" endtime="20231013 12:28:19.666"/>
</break>
<status status="NOT RUN" starttime="20231013 12:28:19.663" endtime="20231013 12:28:19.667"/>
</branch>
<status status="PASS" starttime="20231013 12:28:19.663" endtime="20231013 12:28:19.668"/>
</if>
<status status="PASS" starttime="20231013 12:28:19.393" endtime="20231013 12:28:19.669"/>
</iter>
<iter>
<kw name="Click Button" library="RPA.Browser.Selenium">
<arg>order</arg>
<doc>Clicks the button identified by ``locator``.</doc>
<msg timestamp="20231013 12:28:19.677" level="INFO">Clicking button 'order'.</msg>
<status status="PASS" starttime="20231013 12:28:19.673" endtime="20231013 12:28:20.142"/>
</kw>
<kw name="Is Element Visible" library="RPA.Browser.Selenium">
<var>${error}</var>
<arg>//div[@class="alert alert-danger"]</arg>
<doc>Is element visible</doc>
<msg timestamp="20231013 12:28:20.462" level="INFO" html="true">Ran with keyword &lt;b&gt;Element Should Be Visible&lt;/b&gt; which returned error: &lt;i&gt;Element with locator '//div[@class="alert alert-danger"]' not found.&lt;/i&gt;</msg>
<msg timestamp="20231013 12:28:20.463" level="INFO">${error} = False</msg>
<status status="PASS" starttime="20231013 12:28:20.144" endtime="20231013 12:28:20.464"/>
</kw>
<if>
<branch type="IF" condition="$error == $False">
<break>
<status status="PASS" starttime="20231013 12:28:20.467" endtime="20231013 12:28:20.468"/>
</break>
<status status="PASS" starttime="20231013 12:28:20.465" endtime="20231013 12:28:20.469"/>
</branch>
<status status="PASS" starttime="20231013 12:28:20.465" endtime="20231013 12:28:20.471"/>
</if>
<status status="PASS" starttime="20231013 12:28:19.670" endtime="20231013 12:28:20.471"/>
</iter>
<status status="PASS" starttime="20231013 12:28:19.393" endtime="20231013 12:28:20.472"/>
</while>
<kw name="Get receipt">
<var>${receiptNum}</var>
<kw name="Get Text" library="RPA.Browser.Selenium">
<var>${return}</var>
<arg>//p[@class="badge badge-success"]</arg>
<doc>Returns the text value of the element identified by ``locator``.</doc>
<msg timestamp="20231013 12:28:20.771" level="INFO">${return} = RSB-ROBO-ORDER-O437WTTKB</msg>
<status status="PASS" starttime="20231013 12:28:20.476" endtime="20231013 12:28:20.772"/>
</kw>
<return>
<value>${return}</value>
<status status="PASS" starttime="20231013 12:28:20.773" endtime="20231013 12:28:20.774"/>
</return>
<msg timestamp="20231013 12:28:20.776" level="INFO">${receiptNum} = RSB-ROBO-ORDER-O437WTTKB</msg>
<status status="PASS" starttime="20231013 12:28:20.474" endtime="20231013 12:28:20.777"/>
</kw>
<kw name="Store the receipt as a PDF file">
<var>${pdf}</var>
<arg>${receiptNum}</arg>
<kw name="Get Element Attribute" library="RPA.Browser.Selenium">
<var>${order_results_html}</var>
<arg>receipt</arg>
<arg>outerHTML</arg>
<doc>Returns the value of ``attribute`` from the element ``locator``.</doc>
<msg timestamp="20231013 12:28:20.945" level="INFO">${order_results_html} = &lt;div id="receipt" class="alert alert-success" role="alert"&gt;&lt;h3&gt;Receipt&lt;/h3&gt;&lt;div&gt;2023-10-13T09:28:20.102Z&lt;/div&gt;&lt;p class="badge badge-success"&gt;RSB-ROBO-ORDER-O437WTTKB&lt;/p&gt;&lt;p&gt;Address 1&lt;/p&gt;&lt;div id="parts"...</msg>
<status status="PASS" starttime="20231013 12:28:20.782" endtime="20231013 12:28:20.946"/>
</kw>
<kw name="Html To Pdf" library="RPA.PDF">
<arg>${order_results_html}</arg>
<arg>output/tempPDF/${order number}.pdf</arg>
<doc>Generate a PDF file from HTML content.</doc>
<msg timestamp="20231013 12:28:20.954" level="INFO">Writing output to file C:\Users\JyriLinna-Alho\Desktop\Robocorp\FW-Cert2\output\tempPDF\RSB-ROBO-ORDER-O437WTTKB.pdf</msg>
<msg timestamp="20231013 12:28:23.449" level="INFO">maxp pruned</msg>
<msg timestamp="20231013 12:28:23.451" level="INFO">cmap pruned</msg>
<msg timestamp="20231013 12:28:23.453" level="INFO">post pruned</msg>
<msg timestamp="20231013 12:28:23.455" level="INFO">GDEF dropped</msg>
<msg timestamp="20231013 12:28:23.456" level="INFO">GPOS dropped</msg>
<msg timestamp="20231013 12:28:23.460" level="INFO">GSUB dropped</msg>
<msg timestamp="20231013 12:28:23.493" level="INFO">glyf pruned</msg>
<msg timestamp="20231013 12:28:23.495" level="INFO">Added gid0 to subset</msg>
<msg timestamp="20231013 12:28:23.496" level="INFO">Added first four glyphs to subset</msgGlyph names: ['.notdef', '.null', 'uni0020', 'uni0021', 'uni002D', 'uni002E', 'uni0030', 'uni0031', 'uni0032', 'uni0033', 'uni0034', 'uni0035', 'uni0036', 'uni0037Glyph names: ['.notdef', '.null', 'uni0020', 'uni0021', 'uni002D', 'uni002E', 'uni0030', 'uni0031', 'uni0032', 'uni0033', 'uni0034', 'uni0035', 'uni0036', 'uni0037', 'uni0038', 'uni0039', 'uni003A', 'uni0041', 'uni0042', 'uni0044', 'uni0045', 'uni0048', 'uni004B', 'uni004C', 'uni004F', 'uni0052', 'uni0053', 'uni0054', 'uni0057', 'uni0059', 'uni005A', 'uni0061', 'uni0062', 'uni0063', 'uni0064', 'uni0065', 'uni0066', 'uni0067', 'uni0068', 'uni0069', 'uni006B', 'uni006C', 'uni006D', 'uni006E', 'uni006F', 'uni0070', 'uni0072', 'uni0073', 'uni0074', 'uni0075', 'uni0076', 'uni0077', 'uni0079', 'uni007B', 'uni007D', 'uni00C4']</msg>
<msg timestamp="20231013 12:28:23.507" level="INFO">Glyph IDs:   [0, 1, 2, 3, 65, 84, 95, 161, 270, 280, 320, 382, 395, 409, 456, 469, 493, 504, 575, 582, 594, 612, 645, 650, 660, 679, 715, 723, 752, 759, 775, 827, 837, 867, 884, 899, 932, 936, 950, 1294, 1295, 1296, 1298, 1299, 1300, 1302, 1303, 1304, 1305, 1329, 1345, 1346, 1361, 1404, 1407, 1681]</msg>
<msg timestamp="20231013 12:28:23.509" level="INFO">Closed glyph list over 'glyf': 56 glyphs after</msg>
<msg timestamp="20231013 12:28:23.513" level="INFO">Glyph names: ['.notdef', '.null', 'uni0020', 'uni0021', 'uni002D', 'uni002E', 'uni0030', 'uni0031', 'uni0032', 'uni0033', 'uni0034', 'uni0035', 'uni0036', 'uni0037', 'uni0038', 'uni0039', 'uni003A', 'uni0041', 'uni0042', 'uni0044', 'uni0045', 'uni0048', 'uni004B', 'uni004C', 'uni004F', 'uni0052', 'uni0053', 'uni0054', 'uni0057', 'uni0059', 'uni005A', 'uni0061', 'uni0062', 'uni0063', 'uni0064', 'uni0065', 'uni0066', 'uni0067', 'uni0068', 'uni0069', 'uni006B', 'uni006C', 'uni006D', 'uni006E', 'uni006F', 'uni0070', 'uni0072', 'uni0073', 'uni0074', 'uni0075', 'uni0076', 'uni0077', 'uni0079', 'uni007B', 'uni007D', 'uni00C4']</msg>
<msg timestamp="20231013 12:28:23.517" level="INFO">Glyph IDs:   [0, 1, 2, 3, 65, 84, 95, 161, 270, 280, 320, 382, 395, 409, 456, 469, 493, 504, 575, 582, 594, 612, 645, 650, 660, 679, 715, 723, 752, 759, 775, 827, 837, 867, 884, 899, 932, 936, 950, 1294, 1295, 1296, 1298, 1299, 1300, 1302, 1303, 1304, 1305, 1329, 1345, 1346, 1361, 1404, 1407, 1681]</msg>
<msg timestamp="20231013 12:28:23.519" level="INFO">Retaining 56 glyphs</msg>
<msg timestamp="20231013 12:28:23.522" level="INFO">head subsetting not needed</msg>
<msg timestamp="20231013 12:28:23.523" level="INFO">hhea subsetting not needed</msg>
<msg timestamp="20231013 12:28:23.524" level="INFO">maxp subsetting not needed</msg>
<msg timestamp="20231013 12:28:23.525" level="INFO">OS/2 subsetting not needed</msg>
<msg timestamp="20231013 12:28:23.528" level="INFO">hmtx subsetted</msg>
<msg timestamp="20231013 12:28:23.535" level="INFO">cmap subsetted</msg>
<msg timestamp="20231013 12:28:23.537" level="INFO">prep subsetting not needed</msg>
<msg timestamp="20231013 12:28:23.538" level="INFO">loca subsetting not needed</msg>
<msg timestamp="20231013 12:28:23.544" level="INFO">post subsetted</msg>
<msg timestamp="20231013 12:28:23.545" level="INFO">gasp subsetting not needed</msg>
<msg timestamp="20231013 12:28:23.547" level="INFO">STAT subsetting not needed</msg>
<msg timestamp="20231013 12:28:23.548" level="INFO">name subsetting not needed</msg>
<msg timestamp="20231013 12:28:23.553" level="INFO">glyf subsetted</msg>
<msg timestamp="20231013 12:28:23.556" level="INFO">head pruned</msg>
<msg timestamp="20231013 12:28:23.563" level="INFO">OS/2 Unicode ranges pruned: [0]</msg>
<msg timestamp="20231013 12:28:23.570" level="INFO">glyf pruned</msg>
<msg timestamp="20231013 12:28:23.592" level="INFO">name pruned</msg>
<msg timestamp="20231013 12:28:23.890" level="INFO">maxp pruned</msg>
<msg timestamp="20231013 12:28:23.903" level="INFO">cmap pruned</msg>
<msg timestamp="20231013 12:28:23.906" level="INFO">post pruned</msg>
<msg timestamp="20231013 12:28:23.907" level="INFO">GDEF dropped</msg>
<msg timestamp="20231013 12:28:23.908" level="INFO">GPOS dropped</msg>
<msg timestamp="20231013 12:28:23.909" level="INFO">GSUB dropped</msg>
<msg timestamp="20231013 12:28:23.958" level="INFO">glyf pruned</msg>
<msg timestamp="20231013 12:28:23.968" level="INFO">Added gid0 to subset</msg>
<msg timestamp="20231013 12:28:23.970" level="INFO">Added first four glyphs to subset</msg>
<msg timestamp="20231013 12:28:23.971" level="INFO">Closing glyph list over 'glyf': 19 glyphs before</msg>
<msg timestamp="20231013 12:28:23.972" level="INFO">Glyph names: ['.notdef', '.null', 'uni0020', 'uni0030', 'uni0031', 'uni0032', 'uni0033', 'uni0034', 'uni0035', 'uni0036', 'uni0037', 'uni0038', 'uni0039', 'uni0041', 'uni0062', 'uni006E', 'uni007B', 'uni007D', 'uni00C4']</msg>
<msg timestamp="20231013 12:28:23.975" level="INFO">Glyph IDs:   [0, 1, 2, 3, 575, 759, 1294, 1295, 1296, 1298, 1299, 1300, 1302, 1303, 1304, 1305, 1345, 1346, 1681]</msg>
<msg timestamp="20231013 12:28:23.976" level="INFO">Closed glyph list over 'glyf': 19 glyphs after</msg>
<msg timestamp="20231013 12:28:23.977" level="INFO">Glyph names: ['.notdef', '.null', 'uni0020', 'uni0030', 'uni0031', 'uni0032', 'uni0033', 'uni0034', 'uni0035', 'uni0036', 'uni0037', 'uni0038', 'uni0039', 'uni0041', 'uni0062', 'uni006E', 'uni007B', 'uni007D', 'uni00C4']</msg>
<msg timestamp="20231013 12:28:23.982" level="INFO">Glyph IDs:   [0, 1, 2, 3, 575, 759, 1294, 1295, 1296, 1298, 1299, 1300, 1302, 1303, 1304, 1305, 1345, 1346, 1681]</msg>
<msg timestamp="20231013 12:28:23.984" level="INFO">Retaining 19 glyphs</msg>
<msg timestamp="20231013 12:28:23.987" level="INFO">head subsetting not needed</msg>
<msg timestamp="20231013 12:28:23.988" level="INFO">hhea subsetting not needed</msg>
<msg timestamp="20231013 12:28:23.989" level="INFO">maxp subsetting not needed</msg>
<msg timestamp="20231013 12:28:23.994" level="INFO">OS/2 subsetting not needed</msg>
<msg timestamp="20231013 12:28:23.997" level="INFO">hmtx subsetted</msg>
<msg timestamp="20231013 12:28:24.005" level="INFO">cmap subsetted</msg>
<msg timestamp="20231013 12:28:24.006" level="INFO">prep subsetting not needed</msg>
<msg timestamp="20231013 12:28:24.008" level="INFO">loca subsetting not needed</msg>
<msg timestamp="20231013 12:28:24.009" level="INFO">post subsetted</msg>
<msg timestamp="20231013 12:28:24.011" level="INFO">gasp subsetting not needed</msg>
<msg timestamp="20231013 12:28:24.014" level="INFO">STAT subsetting not needed</msg>
<msg timestamp="20231013 12:28:24.015" level="INFO">name subsetting not needed</msg>
<msg timestamp="20231013 12:28:24.019" level="INFO">glyf subsetted</msg>
<msg timestamp="20231013 12:28:24.022" level="INFO">head pruned</msg>
<msg timestamp="20231013 12:28:24.024" level="INFO">OS/2 Unicode ranges pruned: [0]</msg>
<msg timestamp="20231013 12:28:24.037" level="INFO">glyf pruned</msg>
[...]
<msg timestamp="20231013 12:29:57.181" level="INFO">Clicking button 'id-body-1'.</msg>
<status status="PASS" starttime="20231013 12:29:57.176" endtime="20231013 12:29:57.294"/>
</kw>
<kw name="Input Text" library="RPA.Browser.Selenium">
<arg>//input[@placeholder="Enter the part number for the legs"]</arg>
<arg>${order}[Legs]</arg>
<doc>Types the given ``text`` into the text field identified by ``locator``.</doc>
<msg timestamp="20231013 12:29:57.302" level="INFO">Typing text '5' into text field '//input[@placeholder="Enter the part number for the legs"]'.</msg>
<status status="PASS" starttime="20231013 12:29:57.296" endtime="20231013 12:29:57.711"/>
</kw>
<kw name="Input Text" library="RPA.Browser.Selenium">
<arg>//input[@placeholder="Shipping address"]</arg>
<arg>${order}[Address]</arg>
<doc>Types the given ``text`` into the text field identified by ``locator``.</doc>
<msg timestamp="20231013 12:29:57.719" level="INFO">Typing text 'Address H' into text field '//input[@placeholder="Shipping address"]'.</msg>
<status status="PASS" starttime="20231013 12:29:57.713" endtime="20231013 12:29:57.989"/>
</kw>
<while condition="True">
<iter>
<kw name="Click Button" library="RPA.Browser.Selenium">
<arg>order</arg>
<doc>Clicks the button identified by ``locator``.</doc>
<msg timestamp="20231013 12:29:57.999" level="INFO">Clicking button 'order'.</msg>
<status status="PASS" starttime="20231013 12:29:57.994" endtime="20231013 12:29:58.146"/>
</kw>
<kw name="Is Element Visible" library="RPA.Browser.Selenium">
<var>${error}</var>
<arg>//div[@class="alert alert-danger"]</arg>
<doc>Is element visible</doc>
<msg timestamp="20231013 12:29:58.176" level="INFO" html="true">Ran with keyword &lt;b&gt;Element Should Be Visible&lt;/b&gt; which returned error: &lt;i&gt;Element with locator '//div[@class="alert alert-danger"]' not found.&lt;/i&gt;</msg>
<msg timestamp="20231013 12:29:58.178" level="INFO">${error} = False</msg>
<status status="PASS" starttime="20231013 12:29:58.149" endtime="20231013 12:29:58.179"/>
</kw>
<if>
<branch type="IF" condition="$error == $False">
<break>
<status status="PASS" starttime="20231013 12:29:58.183" endtime="20231013 12:29:58.184"/>
</break>
<status status="PASS" starttime="20231013 12:29:58.181" endtime="20231013 12:29:58.185"/>
</branch>
<status status="PASS" starttime="20231013 12:29:58.181" endtime="20231013 12:29:58.186"/>
</if>
<status status="PASS" starttime="20231013 12:29:57.991" endtime="20231013 12:29:58.187"/>
</iter>
<status status="PASS" starttime="20231013 12:29:57.990" endtime="20231013 12:29:58.189"/>
</while>
<kw name="Get receipt">
<var>${receiptNum}</var>
<kw name="Get Text" library="RPA.Browser.Selenium">
<var>${return}</var>
<arg>//p[@class="badge badge-success"]</arg>
<doc>Returns the text value of the element identified by ``locator``.</doc>
<msg timestamp="20231013 12:29:58.242" level="INFO">${return} = RSB-ROBO-ORDER-YL9TG44NVR</msg>
<status status="PASS" starttime="20231013 12:29:58.194" endtime="20231013 12:29:58.243"/>
</kw>
<return>
<value>${return}</value>
<status status="PASS" starttime="20231013 12:29:58.244" endtime="20231013 12:29:58.245"/>
</return>
<msg timestamp="20231013 12:29:58.247" level="INFO">${receiptNum} = RSB-ROBO-ORDER-YL9TG44NVR</msg>
<status status="PASS" starttime="20231013 12:29:58.191" endtime="20231013 12:29:58.249"/>
</kw>
<kw name="Store the receipt as a PDF file">
<var>${pdf}</var>
<arg>${receiptNum}</arg>
<kw name="Get Element Attribute" library="RPA.Browser.Selenium">
<var>${order_results_html}</var>
<arg>receipt</arg>
<arg>outerHTML</arg>
<doc>Returns the value of ``attribute`` from the element ``locator``.</doc>
<msg timestamp="20231013 12:29:58.303" level="INFO">${order_results_html} = &lt;div id="receipt" class="alert alert-success" role="alert"&gt;&lt;h3&gt;Receipt&lt;/h3&gt;&lt;div&gt;2023-10-13T09:29:58.135Z&lt;/div&gt;&lt;p class="badge badge-success"&gt;RSB-ROBO-ORDER-YL9TG44NVR&lt;/p&gt;&lt;p&gt;Address H&lt;/p&gt;&lt;div id="parts...</msg>
<status status="PASS" starttime="20231013 12:29:58.254" endtime="20231013 12:29:58.304"/>
</kw>
<kw name="Html To Pdf" library="RPA.PDF">
<arg>${order_results_html}</arg>
<arg>output/tempPDF/${order number}.pdf</arg>
<doc>Generate a PDF file from HTML content.</doc>
<msg timestamp="20231013 12:29:58.314" level="INFO">Writing output to file C:\Users\JyriLinna-Alho\Desktop\Robocorp\FW-Cert2\output\tempPDF\RSB-ROBO-ORDER-YL9TG44NVR.pdf</msg>
<msg timestamp="20231013 12:30:00.846" level="INFO">maxp pruned</msg>
<msg timestamp="20231013 12:30:00.862" level="INFO">cmap pruned</msg>
<msg timestamp="20231013 12:30:00.864" level="INFO">post pruned</msg>
<msg timestamp="20231013 12:30:00.866" level="INFO">GDEF dropped</msg>
<msg timestamp="20231013 12:30:00.867" level="INFO">GPOS dropped</msg>
<msg timestamp="20231013 12:30:00.873" level="INFO">GSUB dropped</msg>
<msg timestamp="20231013 12:30:00.916" level="INFO">glyf pruned</msg>
<msg timestamp="20231013 12:30:00.921" level="INFO">Added gid0 to subset</msg>
<msg timestamp="20231013 12:30:00.923" level="INFO">Added first four glyphs to subset</msg>
<msg timestamp="20231013 12:30:00.924" level="INFO">Closing glyph list over 'glyf': 58 glyphs before</msg>
<msg timestamp="20231013 12:30:00.926" level="INFO">Glyph names: ['.notdef', '.null', 'uni0020', 'uni0021', 'uni002D', 'uni002E', 'uni0030', 'uni0031', 'uni0032', 'uni0033', 'uni0034', 'uni0035', 'uni0036', 'uni0037', 'uni0038', 'uni0039', 'uni003A', 'uni0041', 'uni0042', 'uni0044', 'uni0045', 'uni0047', 'uni0048', 'uni004C', 'uni004E', 'uni004F', 'uni0052', 'uni0053', 'uni0054', 'uni0056', 'uni0057', 'uni0059', 'uni005A', 'uni0061', 'uni0062', 'uni0063', 'uni0064', 'uni0065', 'uni0066', 'uni0067', 'uni0068', 'uni0069', 'uni006B', 'uni006C', 'uni006D', 'uni006E', 'uni006F', 'uni0070', 'uni0072', 'uni0073', 'uni0074', 'uni0075', 'uni0076', 'uni0077', 'uni0079', 'uni007B', 'uni007D', 'uni00C4']</msg>
<msg timestamp="20231013 12:30:00.942" level="INFO">Glyph IDs:   [0, 1, 2, 3, 65, 84, 95, 141, 161, 280, 299, 320, 382, 395, 409, 453, 456, 469, 493, 504, 575, 582, 594, 612, 645, 650, 660, 679, 715, 723, 752, 759, 775, 827, 837, 867, 884, 899, 932, 936, 950, 1294, 1295, 1296, 1298, 1299, 1300, 1302, 1303, 1304, 1305, 1329, 1345, 1346, 1361, 1404, 1407, 1681]</msg>
<msg timestamp="20231013 12:30:00.953" level="INFO">Closed glyph list over 'glyf': 58 glyphs after</msg>
<msg timestamp="20231013 12:30:00.954" level="INFO">Glyph names: ['.notdef', '.null', 'uni0020', 'uni0021', 'uni002D', 'uni002E', 'uni0030', 'uni0031', 'uni0032', 'uni0033', 'uni0034', 'uni0035', 'uni0036', 'uni0037', 'uni0038', 'uni0039', 'uni003A', 'uni0041', 'uni0042', 'uni0044', 'uni0045', 'uni0047', 'uni0048', 'uni004C', 'uni004E', 'uni004F', 'uni0052', 'uni0053', 'uni0054', 'uni0056', 'uni0057', 'uni0059', 'uni005A', 'uni0061', 'uni0062', 'uni0063', 'uni0064', 'uni0065', 'uni0066', 'uni0067', 'uni0068', 'uni0069', 'uni006B', 'uni006C', 'uni006D', 'uni006E', 'uni006F', 'uni0070', 'uni0072', 'uni0073', 'uni0074', 'uni0075', 'uni0076', 'uni0077', 'uni0079', 'uni007B', 'uni007D', 'uni00C4']</msg>
<msg timestamp="20231013 12:30:00.962" level="INFO">Glyph IDs:   [0, 1, 2, 3, 65, 84, 95, 141, 161, 280, 299, 320, 382, 395, 409, 453, 456, 469, 493, 504, 575, 582, 594, 612, 645, 650, 660, 679, 715, 723, 752, 759, 775, 827, 837, 867, 884, 899, 932, 936, 950, 1294, 1295, 1296, 1298, 1299, 1300, 1302, 1303, 1304, 1305, 1329, 1345, 1346, 1361, 1404, 1407, 1681]</msg>
<msg timestamp="20231013 12:30:00.965" level="INFO">Retaining 58 glyphs</msg>
<msg timestamp="20231013 12:30:00.973" level="INFO">head subsetting not needed</msg>
<msg timestamp="20231013 12:30:00.975" level="INFO">hhea subsetting not needed</msg>
<msg timestamp="20231013 12:30:00.977" level="INFO">maxp subsetting not needed</msg>
<msg timestamp="20231013 12:30:00.981" level="INFO">OS/2 subsetting not needed</msg>
<msg timestamp="20231013 12:30:00.984" level="INFO">hmtx subsetted</msg>
<msg timestamp="20231013 12:30:01.000" level="INFO">cmap subsetted</msg>
<msg timestamp="20231013 12:30:01.004" level="INFO">prep subsetting not needed</msg>
<msg timestamp="20231013 12:30:01.006" level="INFO">loca subsetting not needed</msg>
<msg timestamp="20231013 12:30:01.007" level="INFO">post subsetted</msg>
<msg timestamp="20231013 12:30:01.013" level="INFO">gasp subsetting not needed</msg>
<msg timestamp="20231013 12:30:01.015" level="INFO">STAT subsetting not needed</msg>
<msg timestamp="20231013 12:30:01.017" level="INFO">name subsetting not needed</msg>
<msg timestamp="20231013 12:30:01.025" level="INFO">glyf subsetted</msg>
<msg timestamp="20231013 12:30:01.030" level="INFO">head pruned</msg>
<msg timestamp="20231013 12:30:01.041" level="INFO">OS/2 Unicode ranges pruned: [0]</msg>
<msg timestamp="20231013 12:30:01.054" level="INFO">glyf pruned</msg>
<msg timestamp="20231013 12:30:01.066" level="INFO">name pruned</msg>
<msg timestamp="20231013 12:30:01.436" level="INFO">maxp pruned</msg>
<msg timestamp="20231013 12:30:01.452" level="INFO">cmap pruned</msg>
<msg timestamp="20231013 12:30:01.454" level="INFO">post pruned</msg>
<msg timestamp="20231013 12:30:01.455" level="INFO">GDEF dropped</msg>
<msg timestamp="20231013 12:30:01.456" level="INFO">GPOS dropped</msg>
<msg timestamp="20231013 12:30:01.457" level="INFO">GSUB dropped</msg>
<msg timestamp="20231013 12:30:01.504" level="INFO">glyf pruned</msg>
<msg timestamp="20231013 12:30:01.506" level="INFO">Added gid0 to subset</msg>
<msg timestamp="20231013 12:30:01.508" level="INFO">Added first four glyphs to subset</msg>
<msg timestamp="20231013 12:30:01.574" level="INFO">Closing glyph list over 'glyf': 19 glyphs before</msg>
<msg timestamp="20231013 12:30:01.575" level="INFO">Glyph names: ['.notdef', '.null', 'uni0020', 'uni0030', 'uni0031', 'uni0032', 'uni0033', 'uni0034', 'uni0035', 'uni0036', 'uni0037', 'uni0038', 'uni0039', 'uni0041', 'uni0062', 'uni006E', 'uni007B', 'uni007D', 'uni00C4']</msg>
<msg timestamp="20231013 12:30:01.582" level="INFO">Glyph IDs:   [0, 1, 2, 3, 575, 759, 1294, 1295, 1296, 1298, 1299, 1300, 1302, 1303, 1304, 1305, 1345, 1346, 1681]</msg>
<msg timestamp="20231013 12:30:01.584" level="INFO">Closed glyph list over 'glyf': 19 glyphs after</msg>
<msg timestamp="20231013 12:30:01.585" level="INFO">Glyph names: ['.notdef', '.null', 'uni0020', 'uni0030', 'uni0031', 'uni0032', 'uni0033', 'uni0034', 'uni0035', 'uni0036', 'uni0037', 'uni0038', 'uni0039', 'uni0041', 'uni0062', 'uni006E', 'uni007B', 'uni007D', 'uni00C4']</msg>
<msg timestamp="20231013 12:30:01.592" level="INFO">Glyph IDs:   [0, 1, 2, 3, 575, 759, 1294, 1295, 1296, 1298, 1299, 1300, 1302, 1303, 1304, 1305, 1345, 1346, 1681]</msg>
<msg timestamp="20231013 12:30:01.595" level="INFO">Retaining 19 glyphs</msg>
<msg timestamp="20231013 12:30:01.617" level="INFO">head subsetting not needed</msg>
<msg timestamp="20231013 12:30:01.620" level="INFO">hhea subsetting not needed</msg>
<msg timestamp="20231013 12:30:01.624" level="INFO">maxp subsetting not needed</msg>
<msg timestamp="20231013 12:30:01.625" level="INFO">OS/2 subsetting not needed</msg>
<msg timestamp="20231013 12:30:01.627" level="INFO">hmtx subsetted</msg>
<msg timestamp="20231013 12:30:01.642" level="INFO">cmap subsetted</msg>
<msg timestamp="20231013 12:30:01.644" level="INFO">prep subsetting not needed</msg>
<msg timestamp="20231013 12:30:01.645" level="INFO">loca subsetting not needed</msg>
<msg timestamp="20231013 12:30:01.646" level="INFO">post subsetted</msg>
<msg timestamp="20231013 12:30:01.647" level="INFO">gasp subsetting not needed</msg>
<msg timestamp="20231013 12:30:01.651" level="INFO">STAT subsetting not needed</msg>
<msg timestamp="20231013 12:30:01.653" level="INFO">name subsetting not needed</msg>
<msg timestamp="20231013 12:30:01.660" level="INFO">glyf subsetted</msg>
<msg timestamp="20231013 12:30:01.664" level="INFO">head pruned</msg>
<msg timestamp="20231013 12:30:01.666" level="INFO">OS/2 Unicode ranges pruned: [0]</msg>
<msg timestamp="20231013 12:30:01.673" level="INFO">glyf pruned</msg>
<msg timestamp="20231013 12:30:01.695" level="INFO">name pruned</msg>
<msg timestamp="20231013 12:30:01.807" level="INFO">maxp pruned</msg>
<msg timestamp="20231013 12:30:01.818" level="INFO">cmap pruned</msg>
<msg timestamp="20231013 12:30:01.826" level="INFO">post pruned</msg>
<msg timestamp="20231013 12:30:01.831" level="INFO">GDEF dropped</msg>
<msg timestamp="20231013 12:30:01.836" level="INFO">GPOS dropped</msg>
<msg timestamp="20231013 12:30:01.843" level="INFO">GSUB dropped</msg>
<msg timestamp="20231013 12:30:01.895" level="INFO">glyf pruned</msg>
<msg timestamp="20231013 12:30:01.914" level="INFO">Added gid0 to subset</msg>
<msg timestamp="20231013 12:30:01.915" level="INFO">Added first four glyphs to subset</msg>
<msg timestamp="20231013 12:30:01.916" level="INFO">Closing glyph list over 'glyf': 18 glyphs before</msg>
<msg timestamp="20231013 12:30:01.917" level="INFO">Glyph names: ['.notdef', '.null', 'uni0020', 'uni0030', 'uni0031', 'uni0032', 'uni0033', 'uni0034', 'uni0035', 'uni0036', 'uni0037', 'uni0038', 'uni0039', 'uni0062', 'uni006E', 'uni007B', 'uni007D', 'uni00A0']</msg>
<msg timestamp="20231013 12:30:01.932" level="INFO">Glyph IDs:   [0, 1, 2, 3, 544, 727, 1256, 1257, 1258, 1260, 1261, 1262, 1264, 1265, 1266, 1267, 1307, 1308]</msg>
<msg timestamp="20231013 12:30:01.935" level="INFO">Closed glyph list over 'glyf': 18 glyphs after</msg>
<msg timestamp="20231013 12:30:01.936" level="INFO">Glyph names: ['.notdef', '.null', 'uni0020', 'uni0030', 'uni0031', 'uni0032', 'uni0033', 'uni0034', 'uni0035', 'uni0036', 'uni0037', 'uni0038', 'uni0039', 'uni0062', 'uni006E', 'uni007B', 'uni007D', 'uni00A0']</msg>
<msg timestamp="20231013 12:30:01.940" level="INFO">Glyph IDs:   [0, 1, 2, 3, 544, 727, 1256, 1257, 1258, 1260, 1261, 1262, 1264, 1265, 1266, 1267, 1307, 1308]</msg>
<msg timestamp="20231013 12:30:01.942" level="INFO">Retaining 18 glyphs</msg>
<msg timestamp="20231013 12:30:01.945" level="INFO">head subsetting not needed</msg>
<msg timestamp="20231013 12:30:01.946" level="INFO">hhea subsetting not needed</msg>
<msg timestamp="20231013 12:30:01.947" level="INFO">maxp subsetting not needed</msg>
<msg timestamp="20231013 12:30:01.951" level="INFO">OS/2 subsetting not needed</msg>
<msg timestamp="20231013 12:30:01.953" level="INFO">hmtx subsetted</msg>
<msg timestamp="20231013 12:30:01.960" level="INFO">cmap subsetted</msg>
<msg timestamp="20231013 12:30:01.962" level="INFO">loca subsetting not needed</msg>
<msg timestamp="20231013 12:30:01.965" level="INFO">post subsetted</msg>
<msg timestamp="20231013 12:30:01.966" level="INFO">name subsetting not needed</msg>
<msg timestamp="20231013 12:30:01.973" level="INFO">glyf subsetted</msg>
<msg timestamp="20231013 12:30:01.976" level="INFO">head pruned</msg>
<msg timestamp="20231013 12:30:01.978" level="INFO">OS/2 Unicode ranges pruned: [0]</msg>
<msg timestamp="20231013 12:30:01.982" level="INFO">glyf pruned</msg>
<msg timestamp="20231013 12:30:01.985" level="INFO">name pruned</msg>
<msg timestamp="20231013 12:30:02.072" level="INFO">maxp pruned</msg>
<msg timestamp="20231013 12:30:02.074" level="INFO">cmap pruned</msg>
<msg timestamp="20231013 12:30:02.076" level="INFO">post pruned</msg>
<msg timestamp="20231013 12:30:02.080" level="INFO">GDEF dropped</msg>
<msg timestamp="20231013 12:30:02.082" level="INFO">GPOS dropped</msg>
<msg timestamp="20231013 12:30:02.083" level="INFO">GSUB dropped</msg>
<msg timestamp="20231013 12:30:02.116" level="INFO">glyf pruned</msg>
<msg timestamp="20231013 12:30:02.144" level="INFO">Added gid0 to subset</msg>
<msg timestamp="20231013 12:30:02.145" level="INFO">Added first four glyphs to subset</msg>
<msg timestamp="20231013 12:30:02.147" level="INFO">Closing glyph list over 'glyf': 18 glyphs before</msg>
<msg timestamp="20231013 12:30:02.148" level="INFO">Glyph names: ['.notdef', '.null', 'uni0020', 'uni0030', 'uni0031', 'uni0032', 'uni0033', 'uni0034', 'uni0035', 'uni0036', 'uni0037', 'uni0038', 'uni0039', 'uni0062', 'uni006E', 'uni007B', 'uni007D', 'uni00A0']</msg>
<msg timestamp="20231013 12:30:02.152" level="INFO">Glyph IDs:   [0, 1, 2, 3, 544, 727, 1256, 1257, 1258, 1260, 1261, 1262, 1264, 1265, 1266, 1267, 1307, 1308]</msg>
<msg timestamp="20231013 12:30:02.154" level="INFO">Closed glyph list over 'glyf': 18 glyphs after</msg>
<msg timestamp="20231013 12:30:02.155" level="INFO">Glyph names: ['.notdef', '.null', 'uni0020', 'uni0030', 'uni0031', 'uni0032', 'uni0033', 'uni0034', 'uni0035', 'uni0036', 'uni0037', 'uni0038', 'uni0039', 'uni0062', 'uni006E', 'uni007B', 'uni007D', 'uni00A0']</msg>
<msg timestamp="20231013 12:30:02.160" level="INFO">Glyph IDs:   [0, 1, 2, 3, 544, 727, 1256, 1257, 1258, 1260, 1261, 1262, 1264, 1265, 1266, 1267, 1307, 1308]</msg>
<msg timestamp="20231013 12:30:02.162" level="INFO">Retaining 18 glyphs</msg>
<msg timestamp="20231013 12:30:02.165" level="INFO">head subsetting not needed</msg>
<msg timestamp="20231013 12:30:02.166" level="INFO">hhea subsetting not needed</msg>
<msg timestamp="20231013 12:30:02.167" level="INFO">maxp subsetting not needed</msg>
<msg timestamp="20231013 12:30:02.174" level="INFO">OS/2 subsetting not needed</msg>
<msg timestamp="20231013 12:30:02.184" level="INFO">hmtx subsetted</msg>
<msg timestamp="20231013 12:30:02.194" level="INFO">cmap subsetted</msg>
<msg timestamp="20231013 12:30:02.196" level="INFO">loca subsetting not needed</msg>
<msg timestamp="20231013 12:30:02.197" level="INFO">post subsetted</msg>
<msg timestamp="20231013 12:30:02.200" level="INFO">name subsetting not needed</msg>
<msg timestamp="20231013 12:30:02.205" level="INFO">glyf subsetted</msg>
<msg timestamp="20231013 12:30:02.209" level="INFO">head pruned</msg>
<msg timestamp="20231013 12:30:02.212" level="INFO">OS/2 Unicode ranges pruned: [0]</msg>
<msg timestamp="20231013 12:30:02.219" level="INFO">glyf pruned</msg>
<msg timestamp="20231013 12:30:02.223" level="INFO">name pruned</msg>
<status status="PASS" starttime="20231013 12:29:58.306" endtime="20231013 12:30:02.342"/>
</kw>
<msg timestamp="20231013 12:30:02.348" level="INFO">${pdf} = None</msg>
<status status="PASS" starttime="20231013 12:29:58.250" endtime="20231013 12:30:02.357"/>
</kw>
<kw name="Click Button" library="RPA.Browser.Selenium">
<arg>order-another</arg>
<doc>Clicks the button identified by ``locator``.</doc>
<msg timestamp="20231013 12:30:02.366" level="INFO">Clicking button 'order-another'.</msg>
<status status="PASS" starttime="20231013 12:30:02.362" endtime="20231013 12:30:02.713"/>
</kw>
<status status="PASS" starttime="20231013 12:29:56.048" endtime="20231013 12:30:02.715"/>
</iter>
<status status="PASS" starttime="20231013 12:27:57.145" endtime="20231013 12:30:02.716"/>
</for>
<kw name="Close the browser" type="TEARDOWN">
<kw name="Close Browser" library="RPA.Browser.Selenium">
<doc>Closes the current browser.</doc>
<status status="PASS" starttime="20231013 12:30:02.731" endtime="20231013 12:30:08.612"/>
</kw>
<status status="PASS" starttime="20231013 12:30:02.727" endtime="20231013 12:30:08.613"/>
</kw>
<status status="PASS" starttime="20231013 12:27:33.923" endtime="20231013 12:30:08.622"/>
</test>
<doc>Orders robots from RobotSpareBin Industries Inc.
Saves the order HTML receipt as a PDF file.
Saves the screenshot of the ordered robot.
Embeds the screenshot of the robot to the PDF receipt.
Creates ZIP archive of the receipts and the images.</doc>
<status status="PASS" starttime="20231013 12:27:15.971" endtime="20231013 12:30:08.654"/>
</suite>
<statistics>
<total>
<stat pass="1" fail="0" skip="0">All Tasks</stat>
</total>
<tag>
</tag>
<suite>
<stat pass="1" fail="0" skip="0" id="s1" name="Tasks">Tasks</stat>
</suite>
</statistics>
<errors>
</errors>
</robot>
